#
# There is insufficient memory for the Java Runtime Environment to continue.
# Native memory allocation (malloc) failed to allocate 65552 bytes for Chunk::new
# Possible reasons:
#   The system is out of physical RAM or swap space
#   The process is running with CompressedOops enabled, and the Java Heap may be blocking the growth of the native heap
# Possible solutions:
#   Reduce memory load on the system
#   Increase physical memory or swap space
#   Check if swap backing store is full
#   Decrease Java heap size (-Xmx/-Xms)
#   Decrease number of Java threads
#   Decrease Java thread stack sizes (-Xss)
#   Set larger code cache with -XX:ReservedCodeCacheSize=
#   JVM is running with Unscaled Compressed Oops mode in which the Java heap is
#     placed in the first 4GB address space. The Java Heap base address is the
#     maximum limit for the native heap growth. Please use -XX:HeapBaseMinAddress
#     to set the Java Heap base and to place the Java Heap above 4GB virtual address.
# This output file may be truncated or incomplete.
#
#  Out of Memory Error (./src/hotspot/share/memory/arena.cpp:197), pid=3864, tid=28380
#
# JRE version: OpenJDK Runtime Environment (11.0.12+7) (build 11.0.12+7-b1504.28-7817840)
# Java VM: OpenJDK 64-Bit Server VM (11.0.12+7-b1504.28-7817840, mixed mode, tiered, compressed oops, g1 gc, windows-amd64)
# No core dump will be written. Minidumps are not enabled by default on client versions of Windows
#

---------------  S U M M A R Y ------------

Command Line: --add-opens=java.base/java.util=ALL-UNNAMED --add-opens=java.base/java.lang=ALL-UNNAMED --add-opens=java.base/java.lang.invoke=ALL-UNNAMED --add-opens=java.base/java.util=ALL-UNNAMED --add-opens=java.prefs/java.util.prefs=ALL-UNNAMED --add-opens=java.prefs/java.util.prefs=ALL-UNNAMED --add-opens=java.base/java.nio.charset=ALL-UNNAMED --add-opens=java.base/java.net=ALL-UNNAMED --add-opens=java.base/java.util.concurrent.atomic=ALL-UNNAMED -Xmx2048m -Dfile.encoding=UTF-8 -Duser.country=US -Duser.language=en -Duser.variant org.gradle.launcher.daemon.bootstrap.GradleDaemon 7.3.3

Host: Intel(R) Core(TM) i7-1065G7 CPU @ 1.30GHz, 8 cores, 15G,  Windows 10 , 64 bit Build 22621 (10.0.22621.1778)
Time: Fri Jun 23 11:27:07 2023 Turkey Standard Time elapsed time: 21.405946 seconds (0d 0h 0m 21s)

---------------  T H R E A D  ---------------

Current thread (0x000002e963599000):  JavaThread "C2 CompilerThread0" daemon [_thread_in_native, id=28380, stack(0x000000f935f00000,0x000000f936000000)]


Current CompileTask:
C2:  21406 5558       4       org.gradle.internal.service.DefaultServiceRegistry$OwnServices::getService (309 bytes)

Stack: [0x000000f935f00000,0x000000f936000000]
Native frames: (J=compiled Java code, j=interpreted, Vv=VM code, C=native code)
V  [jvm.dll+0x5fbcea]
V  [jvm.dll+0x731905]
V  [jvm.dll+0x732f1d]
V  [jvm.dll+0x7335d3]
V  [jvm.dll+0x247bf8]
V  [jvm.dll+0xc018c]
V  [jvm.dll+0xc06cc]
V  [jvm.dll+0xc02cc]
V  [jvm.dll+0x6282e0]
V  [jvm.dll+0x511642]
V  [jvm.dll+0x208303]
V  [jvm.dll+0x201fe0]
V  [jvm.dll+0x1ff71f]
V  [jvm.dll+0x18868c]
V  [jvm.dll+0x20e0d7]
V  [jvm.dll+0x20c901]
V  [jvm.dll+0x6f9b7f]
V  [jvm.dll+0x6f26a5]
V  [jvm.dll+0x5fabf6]
C  [ucrtbase.dll+0x29363]
C  [KERNEL32.DLL+0x126ad]
C  [ntdll.dll+0x5a9f8]


---------------  P R O C E S S  ---------------

Threads class SMR info:
_java_thread_list=0x000002e965c06fc0, length=121, elements={
0x000002e94883d000, 0x000002e963537000, 0x000002e963545000, 0x000002e963590800,
0x000002e963593800, 0x000002e963598000, 0x000002e963599000, 0x000002e96359a000,
0x000002e9635aa800, 0x000002e96371d000, 0x000002e9659e5000, 0x000002e963afb000,
0x000002e9647f2000, 0x000002e964636000, 0x000002e965700000, 0x000002e964eca800,
0x000002e965844800, 0x000002e96480c000, 0x000002e965601800, 0x000002e964453800,
0x000002e964452800, 0x000002e964454800, 0x000002e964452000, 0x000002e965dcb800,
0x000002e965dc7800, 0x000002e965dca800, 0x000002e965dcc000, 0x000002e965dca000,
0x000002e965dcd000, 0x000002e965dce000, 0x000002e965dd2000, 0x000002e965dd0800,
0x000002e965dd4800, 0x000002e965dd2800, 0x000002e965dd3800, 0x000002e965dc8000,
0x000002e965dd6000, 0x000002e96723d800, 0x000002e96723f800, 0x000002e967240800,
0x000002e96723c800, 0x000002e967241800, 0x000002e96723e000, 0x000002e967242000,
0x000002e96723f000, 0x000002e967243000, 0x000002e9667b3000, 0x000002e9667b3800,
0x000002e9667b4800, 0x000002e9667b7000, 0x000002e9667b5800, 0x000002e9667b1000,
0x000002e9667b6000, 0x000002e9667b2000, 0x000002e9667b9800, 0x000002e9667bc000,
0x000002e9667bc800, 0x000002e9667ba000, 0x000002e9667bd800, 0x000002e9667bb000,
0x000002e9667b7800, 0x000002e9667be000, 0x000002e9667b8800, 0x000002e9667bf000,
0x000002e9667c0000, 0x000002e967552000, 0x000002e967550800, 0x000002e967551800,
0x000002e967553000, 0x000002e96754d000, 0x000002e96754f800, 0x000002e967554000,
0x000002e96754e000, 0x000002e967554800, 0x000002e96754f000, 0x000002e96755a800,
0x000002e967558000, 0x000002e967557000, 0x000002e96755b000, 0x000002e967556000,
0x000002e967555800, 0x000002e96755c000, 0x000002e967558800, 0x000002e967559800,
0x000002e969828000, 0x000002e969826800, 0x000002e969827000, 0x000002e969825800,
0x000002e969822000, 0x000002e969823000, 0x000002e969828800, 0x000002e969829800,
0x000002e969824000, 0x000002e96982a800, 0x000002e969824800, 0x000002e96982e800,
0x000002e96982b000, 0x000002e96982f800, 0x000002e969830000, 0x000002e96982d800,
0x000002e969831000, 0x000002e96982c000, 0x000002e96982d000, 0x000002e9666f8000,
0x000002e9666f3000, 0x000002e9666f4000, 0x000002e9666f7000, 0x000002e9666f4800,
0x000002e9666f5800, 0x000002e9666f6800, 0x000002e9666f2000, 0x000002e9666fd000,
0x000002e9666fb000, 0x000002e9666f8800, 0x000002e9666fc000, 0x000002e9666f9800,
0x000002e9666fd800, 0x000002e966700000, 0x000002e9666fe800, 0x000002e9666ff800,
0x000002e9666fa800
}

Java Threads: ( => current thread )
  0x000002e94883d000 JavaThread "main" [_thread_blocked, id=9896, stack(0x000000f935300000,0x000000f935400000)]
  0x000002e963537000 JavaThread "Reference Handler" daemon [_thread_blocked, id=11912, stack(0x000000f935a00000,0x000000f935b00000)]
  0x000002e963545000 JavaThread "Finalizer" daemon [_thread_blocked, id=14524, stack(0x000000f935b00000,0x000000f935c00000)]
  0x000002e963590800 JavaThread "Signal Dispatcher" daemon [_thread_blocked, id=21100, stack(0x000000f935c00000,0x000000f935d00000)]
  0x000002e963593800 JavaThread "Attach Listener" daemon [_thread_blocked, id=21740, stack(0x000000f935d00000,0x000000f935e00000)]
  0x000002e963598000 JavaThread "Service Thread" daemon [_thread_blocked, id=24140, stack(0x000000f935e00000,0x000000f935f00000)]
=>0x000002e963599000 JavaThread "C2 CompilerThread0" daemon [_thread_in_native, id=28380, stack(0x000000f935f00000,0x000000f936000000)]
  0x000002e96359a000 JavaThread "C1 CompilerThread0" daemon [_thread_blocked, id=26452, stack(0x000000f936000000,0x000000f936100000)]
  0x000002e9635aa800 JavaThread "Sweeper thread" daemon [_thread_blocked, id=30144, stack(0x000000f936100000,0x000000f936200000)]
  0x000002e96371d000 JavaThread "Common-Cleaner" daemon [_thread_blocked, id=17724, stack(0x000000f936200000,0x000000f936300000)]
  0x000002e9659e5000 JavaThread "Daemon health stats" [_thread_blocked, id=716, stack(0x000000f936a00000,0x000000f936b00000)]
  0x000002e963afb000 JavaThread "Incoming local TCP Connector on port 63781" [_thread_in_native, id=25816, stack(0x000000f936400000,0x000000f936500000)]
  0x000002e9647f2000 JavaThread "Daemon periodic checks" [_thread_blocked, id=5140, stack(0x000000f936b00000,0x000000f936c00000)]
  0x000002e964636000 JavaThread "Daemon" [_thread_blocked, id=29516, stack(0x000000f936c00000,0x000000f936d00000)]
  0x000002e965700000 JavaThread "Handler for socket connection from /127.0.0.1:63781 to /127.0.0.1:63783" [_thread_in_native, id=29052, stack(0x000000f936d00000,0x000000f936e00000)]
  0x000002e964eca800 JavaThread "Cancel handler" [_thread_blocked, id=1580, stack(0x000000f936e00000,0x000000f936f00000)]
  0x000002e965844800 JavaThread "Daemon worker" [_thread_in_vm, id=7236, stack(0x000000f936f00000,0x000000f937000000)]
  0x000002e96480c000 JavaThread "Asynchronous log dispatcher for DefaultDaemonConnection: socket connection from /127.0.0.1:63781 to /127.0.0.1:63783" [_thread_blocked, id=12196, stack(0x000000f937000000,0x000000f937100000)]
  0x000002e965601800 JavaThread "Stdin handler" [_thread_blocked, id=3044, stack(0x000000f937100000,0x000000f937200000)]
  0x000002e964453800 JavaThread "Daemon client event forwarder" [_thread_blocked, id=14044, stack(0x000000f937200000,0x000000f937300000)]
  0x000002e964452800 JavaThread "Cache worker for journal cache (C:\Users\DELL\.gradle\caches\journal-1)" [_thread_blocked, id=16388, stack(0x000000f937300000,0x000000f937400000)]
  0x000002e964454800 JavaThread "File lock request listener" [_thread_in_native, id=13364, stack(0x000000f937400000,0x000000f937500000)]
  0x000002e964452000 JavaThread "Cache worker for file hash cache (C:\Users\DELL\.gradle\caches\7.3.3\fileHashes)" [_thread_blocked, id=12704, stack(0x000000f937500000,0x000000f937600000)]
  0x000002e965dcb800 JavaThread "Cache worker for file hash cache (D:\Android\simple\CounterApp\.gradle\7.3.3\fileHashes)" [_thread_blocked, id=25232, stack(0x000000f937900000,0x000000f937a00000)]
  0x000002e965dc7800 JavaThread "File watcher server" daemon [_thread_in_native, id=15224, stack(0x000000f937a00000,0x000000f937b00000)]
  0x000002e965dca800 JavaThread "File watcher consumer" daemon [_thread_blocked, id=20244, stack(0x000000f937b00000,0x000000f937c00000)]
  0x000002e965dcc000 JavaThread "Cache worker for checksums cache (D:\Android\simple\CounterApp\.gradle\7.3.3\checksums)" [_thread_blocked, id=23232, stack(0x000000f937c00000,0x000000f937d00000)]
  0x000002e965dca000 JavaThread "Cache worker for cache directory md-supplier (C:\Users\DELL\.gradle\caches\7.3.3\md-supplier)" [_thread_blocked, id=14456, stack(0x000000f937d00000,0x000000f937e00000)]
  0x000002e965dcd000 JavaThread "Cache worker for cache directory md-rule (C:\Users\DELL\.gradle\caches\7.3.3\md-rule)" [_thread_blocked, id=10032, stack(0x000000f937e00000,0x000000f937f00000)]
  0x000002e965dce000 JavaThread "Cache worker for execution history cache (C:\Users\DELL\.gradle\caches\7.3.3\executionHistory)" [_thread_blocked, id=28532, stack(0x000000f937f00000,0x000000f938000000)]
  0x000002e965dd2000 JavaThread "jar transforms" [_thread_blocked, id=3244, stack(0x000000f938100000,0x000000f938200000)]
  0x000002e965dd0800 JavaThread "Cache worker for file content cache (C:\Users\DELL\.gradle\caches\7.3.3\fileContent)" [_thread_blocked, id=22600, stack(0x000000f938200000,0x000000f938300000)]
  0x000002e965dd4800 JavaThread "jar transforms Thread 2" [_thread_blocked, id=8616, stack(0x000000f938300000,0x000000f938400000)]
  0x000002e965dd2800 JavaThread "Cache worker for dependencies-accessors (D:\Android\simple\CounterApp\.gradle\7.3.3\dependencies-accessors)" [_thread_blocked, id=7664, stack(0x000000f938400000,0x000000f938500000)]
  0x000002e965dd3800 JavaThread "jar transforms Thread 3" [_thread_blocked, id=25264, stack(0x000000f938500000,0x000000f938600000)]
  0x000002e965dc8000 JavaThread "Cache worker for Build Output Cleanup Cache (D:\Android\simple\CounterApp\.gradle\buildOutputCleanup)" [_thread_blocked, id=14396, stack(0x000000f938000000,0x000000f938100000)]
  0x000002e965dd6000 JavaThread "Unconstrained build operations" [_thread_blocked, id=13680, stack(0x000000f938700000,0x000000f938800000)]
  0x000002e96723d800 JavaThread "Unconstrained build operations Thread 2" [_thread_blocked, id=14028, stack(0x000000f938800000,0x000000f938900000)]
  0x000002e96723f800 JavaThread "Unconstrained build operations Thread 3" [_thread_blocked, id=23492, stack(0x000000f938900000,0x000000f938a00000)]
  0x000002e967240800 JavaThread "Unconstrained build operations Thread 4" [_thread_blocked, id=25988, stack(0x000000f938a00000,0x000000f938b00000)]
  0x000002e96723c800 JavaThread "Unconstrained build operations Thread 5" [_thread_blocked, id=10396, stack(0x000000f938b00000,0x000000f938c00000)]
  0x000002e967241800 JavaThread "Unconstrained build operations Thread 6" [_thread_blocked, id=18984, stack(0x000000f938c00000,0x000000f938d00000)]
  0x000002e96723e000 JavaThread "Unconstrained build operations Thread 7" [_thread_blocked, id=30008, stack(0x000000f938d00000,0x000000f938e00000)]
  0x000002e967242000 JavaThread "Unconstrained build operations Thread 8" [_thread_blocked, id=21212, stack(0x000000f938e00000,0x000000f938f00000)]
  0x000002e96723f000 JavaThread "Unconstrained build operations Thread 9" [_thread_blocked, id=27296, stack(0x000000f938f00000,0x000000f939000000)]
  0x000002e967243000 JavaThread "Unconstrained build operations Thread 10" [_thread_blocked, id=20472, stack(0x000000f939000000,0x000000f939100000)]
  0x000002e9667b3000 JavaThread "Unconstrained build operations Thread 11" [_thread_blocked, id=14772, stack(0x000000f939100000,0x000000f939200000)]
  0x000002e9667b3800 JavaThread "Unconstrained build operations Thread 12" [_thread_blocked, id=13172, stack(0x000000f939200000,0x000000f939300000)]
  0x000002e9667b4800 JavaThread "Unconstrained build operations Thread 13" [_thread_blocked, id=20188, stack(0x000000f939300000,0x000000f939400000)]
  0x000002e9667b7000 JavaThread "Unconstrained build operations Thread 14" [_thread_blocked, id=12232, stack(0x000000f939400000,0x000000f939500000)]
  0x000002e9667b5800 JavaThread "Unconstrained build operations Thread 15" [_thread_blocked, id=25964, stack(0x000000f939500000,0x000000f939600000)]
  0x000002e9667b1000 JavaThread "Unconstrained build operations Thread 16" [_thread_blocked, id=18816, stack(0x000000f939600000,0x000000f939700000)]
  0x000002e9667b6000 JavaThread "Unconstrained build operations Thread 17" [_thread_blocked, id=20028, stack(0x000000f939700000,0x000000f939800000)]
  0x000002e9667b2000 JavaThread "Unconstrained build operations Thread 18" [_thread_blocked, id=2556, stack(0x000000f939800000,0x000000f939900000)]
  0x000002e9667b9800 JavaThread "Unconstrained build operations Thread 19" [_thread_blocked, id=16480, stack(0x000000f939900000,0x000000f939a00000)]
  0x000002e9667bc000 JavaThread "Unconstrained build operations Thread 20" [_thread_blocked, id=13608, stack(0x000000f939a00000,0x000000f939b00000)]
  0x000002e9667bc800 JavaThread "Unconstrained build operations Thread 21" [_thread_blocked, id=6612, stack(0x000000f939b00000,0x000000f939c00000)]
  0x000002e9667ba000 JavaThread "Unconstrained build operations Thread 22" [_thread_blocked, id=4180, stack(0x000000f939c00000,0x000000f939d00000)]
  0x000002e9667bd800 JavaThread "Unconstrained build operations Thread 23" [_thread_blocked, id=13116, stack(0x000000f939d00000,0x000000f939e00000)]
  0x000002e9667bb000 JavaThread "Unconstrained build operations Thread 24" [_thread_blocked, id=29532, stack(0x000000f939e00000,0x000000f939f00000)]
  0x000002e9667b7800 JavaThread "Unconstrained build operations Thread 25" [_thread_blocked, id=19856, stack(0x000000f939f00000,0x000000f93a000000)]
  0x000002e9667be000 JavaThread "Unconstrained build operations Thread 26" [_thread_blocked, id=25588, stack(0x000000f93a000000,0x000000f93a100000)]
  0x000002e9667b8800 JavaThread "Unconstrained build operations Thread 27" [_thread_blocked, id=28456, stack(0x000000f93a100000,0x000000f93a200000)]
  0x000002e9667bf000 JavaThread "Unconstrained build operations Thread 28" [_thread_blocked, id=9356, stack(0x000000f93a200000,0x000000f93a300000)]
  0x000002e9667c0000 JavaThread "Unconstrained build operations Thread 29" [_thread_blocked, id=14780, stack(0x000000f93a300000,0x000000f93a400000)]
  0x000002e967552000 JavaThread "Unconstrained build operations Thread 30" [_thread_blocked, id=12348, stack(0x000000f93a400000,0x000000f93a500000)]
  0x000002e967550800 JavaThread "Unconstrained build operations Thread 31" [_thread_blocked, id=23776, stack(0x000000f93a500000,0x000000f93a600000)]
  0x000002e967551800 JavaThread "Unconstrained build operations Thread 32" [_thread_blocked, id=26952, stack(0x000000f93a600000,0x000000f93a700000)]
  0x000002e967553000 JavaThread "Unconstrained build operations Thread 33" [_thread_blocked, id=15120, stack(0x000000f93a700000,0x000000f93a800000)]
  0x000002e96754d000 JavaThread "Unconstrained build operations Thread 34" [_thread_blocked, id=17948, stack(0x000000f93a800000,0x000000f93a900000)]
  0x000002e96754f800 JavaThread "Unconstrained build operations Thread 35" [_thread_blocked, id=4136, stack(0x000000f93a900000,0x000000f93aa00000)]
  0x000002e967554000 JavaThread "Unconstrained build operations Thread 36" [_thread_blocked, id=13980, stack(0x000000f93aa00000,0x000000f93ab00000)]
  0x000002e96754e000 JavaThread "Unconstrained build operations Thread 37" [_thread_blocked, id=14264, stack(0x000000f93ab00000,0x000000f93ac00000)]
  0x000002e967554800 JavaThread "Unconstrained build operations Thread 38" [_thread_blocked, id=24420, stack(0x000000f93ac00000,0x000000f93ad00000)]
  0x000002e96754f000 JavaThread "Unconstrained build operations Thread 39" [_thread_blocked, id=8272, stack(0x000000f93ad00000,0x000000f93ae00000)]
  0x000002e96755a800 JavaThread "Unconstrained build operations Thread 40" [_thread_blocked, id=27248, stack(0x000000f93ae00000,0x000000f93af00000)]
  0x000002e967558000 JavaThread "Unconstrained build operations Thread 41" [_thread_blocked, id=7408, stack(0x000000f93af00000,0x000000f93b000000)]
  0x000002e967557000 JavaThread "Unconstrained build operations Thread 42" [_thread_blocked, id=11620, stack(0x000000f93b000000,0x000000f93b100000)]
  0x000002e96755b000 JavaThread "Unconstrained build operations Thread 43" [_thread_blocked, id=29136, stack(0x000000f93b100000,0x000000f93b200000)]
  0x000002e967556000 JavaThread "Unconstrained build operations Thread 44" [_thread_blocked, id=15496, stack(0x000000f93b200000,0x000000f93b300000)]
  0x000002e967555800 JavaThread "Unconstrained build operations Thread 45" [_thread_blocked, id=5336, stack(0x000000f93b300000,0x000000f93b400000)]
  0x000002e96755c000 JavaThread "Unconstrained build operations Thread 46" [_thread_blocked, id=12568, stack(0x000000f93b400000,0x000000f93b500000)]
  0x000002e967558800 JavaThread "Unconstrained build operations Thread 47" [_thread_blocked, id=26320, stack(0x000000f93b500000,0x000000f93b600000)]
  0x000002e967559800 JavaThread "Unconstrained build operations Thread 48" [_thread_blocked, id=23848, stack(0x000000f93b600000,0x000000f93b700000)]
  0x000002e969828000 JavaThread "Unconstrained build operations Thread 49" [_thread_blocked, id=12444, stack(0x000000f93b700000,0x000000f93b800000)]
  0x000002e969826800 JavaThread "Unconstrained build operations Thread 50" [_thread_blocked, id=15112, stack(0x000000f93b800000,0x000000f93b900000)]
  0x000002e969827000 JavaThread "Unconstrained build operations Thread 51" [_thread_blocked, id=1008, stack(0x000000f93b900000,0x000000f93ba00000)]
  0x000002e969825800 JavaThread "Unconstrained build operations Thread 52" [_thread_blocked, id=29992, stack(0x000000f93ba00000,0x000000f93bb00000)]
  0x000002e969822000 JavaThread "Unconstrained build operations Thread 53" [_thread_blocked, id=14136, stack(0x000000f93bb00000,0x000000f93bc00000)]
  0x000002e969823000 JavaThread "Unconstrained build operations Thread 54" [_thread_blocked, id=12660, stack(0x000000f93bc00000,0x000000f93bd00000)]
  0x000002e969828800 JavaThread "Unconstrained build operations Thread 55" [_thread_blocked, id=22120, stack(0x000000f93bd00000,0x000000f93be00000)]
  0x000002e969829800 JavaThread "Unconstrained build operations Thread 56" [_thread_blocked, id=9900, stack(0x000000f93be00000,0x000000f93bf00000)]
  0x000002e969824000 JavaThread "Unconstrained build operations Thread 57" [_thread_blocked, id=13692, stack(0x000000f93bf00000,0x000000f93c000000)]
  0x000002e96982a800 JavaThread "Unconstrained build operations Thread 58" [_thread_blocked, id=23456, stack(0x000000f93c000000,0x000000f93c100000)]
  0x000002e969824800 JavaThread "Unconstrained build operations Thread 59" [_thread_blocked, id=18996, stack(0x000000f93c100000,0x000000f93c200000)]
  0x000002e96982e800 JavaThread "Unconstrained build operations Thread 60" [_thread_blocked, id=17912, stack(0x000000f93c200000,0x000000f93c300000)]
  0x000002e96982b000 JavaThread "Unconstrained build operations Thread 61" [_thread_blocked, id=17828, stack(0x000000f93c300000,0x000000f93c400000)]
  0x000002e96982f800 JavaThread "Unconstrained build operations Thread 62" [_thread_blocked, id=15504, stack(0x000000f93c400000,0x000000f93c500000)]
  0x000002e969830000 JavaThread "Unconstrained build operations Thread 63" [_thread_blocked, id=28620, stack(0x000000f93c500000,0x000000f93c600000)]
  0x000002e96982d800 JavaThread "Unconstrained build operations Thread 64" [_thread_blocked, id=7136, stack(0x000000f93c600000,0x000000f93c700000)]
  0x000002e969831000 JavaThread "Unconstrained build operations Thread 65" [_thread_blocked, id=23088, stack(0x000000f93c700000,0x000000f93c800000)]
  0x000002e96982c000 JavaThread "Unconstrained build operations Thread 66" [_thread_blocked, id=7524, stack(0x000000f93c800000,0x000000f93c900000)]
  0x000002e96982d000 JavaThread "Unconstrained build operations Thread 67" [_thread_blocked, id=24008, stack(0x000000f93c900000,0x000000f93ca00000)]
  0x000002e9666f8000 JavaThread "Unconstrained build operations Thread 68" [_thread_blocked, id=7684, stack(0x000000f93ca00000,0x000000f93cb00000)]
  0x000002e9666f3000 JavaThread "Unconstrained build operations Thread 69" [_thread_blocked, id=24236, stack(0x000000f93cb00000,0x000000f93cc00000)]
  0x000002e9666f4000 JavaThread "Unconstrained build operations Thread 70" [_thread_blocked, id=14956, stack(0x000000f93cc00000,0x000000f93cd00000)]
  0x000002e9666f7000 JavaThread "Unconstrained build operations Thread 71" [_thread_blocked, id=22388, stack(0x000000f93cd00000,0x000000f93ce00000)]
  0x000002e9666f4800 JavaThread "Unconstrained build operations Thread 72" [_thread_blocked, id=5280, stack(0x000000f93ce00000,0x000000f93cf00000)]
  0x000002e9666f5800 JavaThread "Unconstrained build operations Thread 73" [_thread_blocked, id=17560, stack(0x000000f93cf00000,0x000000f93d000000)]
  0x000002e9666f6800 JavaThread "Unconstrained build operations Thread 74" [_thread_blocked, id=16020, stack(0x000000f93d000000,0x000000f93d100000)]
  0x000002e9666f2000 JavaThread "Unconstrained build operations Thread 75" [_thread_blocked, id=16752, stack(0x000000f93d100000,0x000000f93d200000)]
  0x000002e9666fd000 JavaThread "Unconstrained build operations Thread 76" [_thread_blocked, id=29324, stack(0x000000f93d200000,0x000000f93d300000)]
  0x000002e9666fb000 JavaThread "Unconstrained build operations Thread 77" [_thread_blocked, id=8420, stack(0x000000f93d300000,0x000000f93d400000)]
  0x000002e9666f8800 JavaThread "Unconstrained build operations Thread 78" [_thread_blocked, id=17588, stack(0x000000f93d400000,0x000000f93d500000)]
  0x000002e9666fc000 JavaThread "Unconstrained build operations Thread 79" [_thread_blocked, id=21756, stack(0x000000f93d500000,0x000000f93d600000)]
  0x000002e9666f9800 JavaThread "Unconstrained build operations Thread 80" [_thread_blocked, id=14352, stack(0x000000f93d600000,0x000000f93d700000)]
  0x000002e9666fd800 JavaThread "jar transforms Thread 4" [_thread_blocked, id=21964, stack(0x000000f93d700000,0x000000f93d800000)]
  0x000002e966700000 JavaThread "jar transforms Thread 5" [_thread_blocked, id=19636, stack(0x000000f93d800000,0x000000f93d900000)]
  0x000002e9666fe800 JavaThread "jar transforms Thread 6" [_thread_blocked, id=1444, stack(0x000000f93d900000,0x000000f93da00000)]
  0x000002e9666ff800 JavaThread "jar transforms Thread 7" [_thread_blocked, id=2668, stack(0x000000f93da00000,0x000000f93db00000)]
  0x000002e9666fa800 JavaThread "jar transforms Thread 8" [_thread_blocked, id=11424, stack(0x000000f93db00000,0x000000f93dc00000)]

Other Threads:
  0x000002e963533800 VMThread "VM Thread" [stack: 0x000000f935900000,0x000000f935a00000] [id=2644]
  0x000002e963767000 WatcherThread [stack: 0x000000f936300000,0x000000f936400000] [id=25112]
  0x000002e948857800 GCTaskThread "GC Thread#0" [stack: 0x000000f935400000,0x000000f935500000] [id=23744]
  0x000002e96478d000 GCTaskThread "GC Thread#1" [stack: 0x000000f936500000,0x000000f936600000] [id=2260]
  0x000002e9641e3000 GCTaskThread "GC Thread#2" [stack: 0x000000f936600000,0x000000f936700000] [id=28708]
  0x000002e964498800 GCTaskThread "GC Thread#3" [stack: 0x000000f936700000,0x000000f936800000] [id=17788]
  0x000002e964575000 GCTaskThread "GC Thread#4" [stack: 0x000000f936800000,0x000000f936900000] [id=27424]
  0x000002e964481800 GCTaskThread "GC Thread#5" [stack: 0x000000f936900000,0x000000f936a00000] [id=4516]
  0x000002e963a90000 GCTaskThread "GC Thread#6" [stack: 0x000000f937600000,0x000000f937700000] [id=10016]
  0x000002e9641e2000 GCTaskThread "GC Thread#7" [stack: 0x000000f937700000,0x000000f937800000] [id=26072]
  0x000002e94888c000 ConcurrentGCThread "G1 Main Marker" [stack: 0x000000f935500000,0x000000f935600000] [id=7424]
  0x000002e94888d000 ConcurrentGCThread "G1 Conc#0" [stack: 0x000000f935600000,0x000000f935700000] [id=15808]
  0x000002e963bc0800 ConcurrentGCThread "G1 Conc#1" [stack: 0x000000f937800000,0x000000f937900000] [id=7416]
  0x000002e962b7b000 ConcurrentGCThread "G1 Refine#0" [stack: 0x000000f935700000,0x000000f935800000] [id=30088]
  0x000002e962b7c000 ConcurrentGCThread "G1 Young RemSet Sampling" [stack: 0x000000f935800000,0x000000f935900000] [id=3284]

Threads with active compile tasks:
C2 CompilerThread0  21443 5558       4       org.gradle.internal.service.DefaultServiceRegistry$OwnServices::getService (309 bytes)

VM state:not at safepoint (normal execution)

VM Mutex/Monitor currently owned by a thread: None

Heap address: 0x0000000080000000, size: 2048 MB, Compressed Oops mode: 32-bit
Narrow klass base: 0x0000000000000000, Narrow klass shift: 3
Compressed class space size: 1073741824 Address: 0x0000000100000000

Heap:
 garbage-first heap   total 260096K, used 169477K [0x0000000080000000, 0x0000000100000000)
  region size 1024K, 147 young (150528K), 13 survivors (13312K)
 Metaspace       used 54645K, capacity 55988K, committed 56140K, reserved 1099776K
  class space    used 7020K, capacity 7537K, committed 7552K, reserved 1048576K
Heap Regions: E=young(eden), S=young(survivor), O=old, HS=humongous(starts), HC=humongous(continues), CS=collection set, F=free, A=archive, TAMS=top-at-mark-start (previous, next)
|   0|0x0000000080000000, 0x0000000080100000, 0x0000000080100000|100%| O|  |TAMS 0x0000000080100000, 0x0000000080000000| Untracked 
|   1|0x0000000080100000, 0x0000000080200000, 0x0000000080200000|100%| O|  |TAMS 0x0000000080200000, 0x0000000080100000| Untracked 
|   2|0x0000000080200000, 0x0000000080300000, 0x0000000080300000|100%| O|  |TAMS 0x0000000080300000, 0x0000000080200000| Untracked 
|   3|0x0000000080300000, 0x0000000080400000, 0x0000000080400000|100%|HS|  |TAMS 0x0000000080400000, 0x0000000080300000| Complete 
|   4|0x0000000080400000, 0x0000000080500000, 0x0000000080500000|100%|HC|  |TAMS 0x0000000080500000, 0x0000000080400000| Complete 
|   5|0x0000000080500000, 0x0000000080600000, 0x0000000080600000|100%|HC|  |TAMS 0x0000000080600000, 0x0000000080500000| Complete 
|   6|0x0000000080600000, 0x0000000080700000, 0x0000000080700000|100%| O|  |TAMS 0x0000000080700000, 0x0000000080600000| Untracked 
|   7|0x0000000080700000, 0x0000000080800000, 0x0000000080800000|100%| O|  |TAMS 0x0000000080800000, 0x0000000080700000| Untracked 
|   8|0x0000000080800000, 0x0000000080900000, 0x0000000080900000|100%| O|  |TAMS 0x0000000080900000, 0x0000000080800000| Untracked 
|   9|0x0000000080900000, 0x0000000080a00000, 0x0000000080a00000|100%| O|  |TAMS 0x0000000080a00000, 0x0000000080900000| Untracked 
|  10|0x0000000080a00000, 0x0000000080b00000, 0x0000000080b00000|100%| O|  |TAMS 0x0000000080b00000, 0x0000000080a00000| Untracked 
|  11|0x0000000080b00000, 0x0000000080c00000, 0x0000000080c00000|100%| O|  |TAMS 0x0000000080c00000, 0x0000000080b00000| Untracked 
|  12|0x0000000080c00000, 0x0000000080d00000, 0x0000000080d00000|100%| O|  |TAMS 0x0000000080d00000, 0x0000000080c00000| Untracked 
|  13|0x0000000080d00000, 0x0000000080e00000, 0x0000000080e00000|100%| O|  |TAMS 0x0000000080e00000, 0x0000000080d00000| Untracked 
|  14|0x0000000080e00000, 0x0000000080f00000, 0x0000000080f00000|100%| O|  |TAMS 0x0000000080f00000, 0x0000000080e00000| Untracked 
|  15|0x0000000080f00000, 0x0000000081000000, 0x0000000081000000|100%| O|  |TAMS 0x0000000081000000, 0x0000000080f00000| Untracked 
|  16|0x0000000081000000, 0x000000008100ba00, 0x0000000081100000|  4%| O|  |TAMS 0x000000008100ba00, 0x0000000081000000| Untracked 
|  17|0x0000000081100000, 0x0000000081200000, 0x0000000081200000|100%|HS|  |TAMS 0x0000000081100000, 0x0000000081100000| Complete 
|  18|0x0000000081200000, 0x0000000081300000, 0x0000000081300000|100%|HS|  |TAMS 0x0000000081200000, 0x0000000081200000| Complete 
|  19|0x0000000081300000, 0x0000000081400000, 0x0000000081400000|100%|HS|  |TAMS 0x0000000081300000, 0x0000000081300000| Complete 
|  20|0x0000000081400000, 0x0000000081500000, 0x0000000081500000|100%|HC|  |TAMS 0x0000000081400000, 0x0000000081400000| Complete 
|  21|0x0000000081500000, 0x0000000081500000, 0x0000000081600000|  0%| F|  |TAMS 0x0000000081500000, 0x0000000081500000| Untracked 
|  22|0x0000000081600000, 0x0000000081600000, 0x0000000081700000|  0%| F|  |TAMS 0x0000000081600000, 0x0000000081600000| Untracked 
|  23|0x0000000081700000, 0x0000000081700000, 0x0000000081800000|  0%| F|  |TAMS 0x0000000081700000, 0x0000000081700000| Untracked 
|  24|0x0000000081800000, 0x0000000081800000, 0x0000000081900000|  0%| F|  |TAMS 0x0000000081800000, 0x0000000081800000| Untracked 
|  25|0x0000000081900000, 0x0000000081900000, 0x0000000081a00000|  0%| F|  |TAMS 0x0000000081900000, 0x0000000081900000| Untracked 
|  26|0x0000000081a00000, 0x0000000081a00000, 0x0000000081b00000|  0%| F|  |TAMS 0x0000000081a00000, 0x0000000081a00000| Untracked 
|  27|0x0000000081b00000, 0x0000000081b00000, 0x0000000081c00000|  0%| F|  |TAMS 0x0000000081b00000, 0x0000000081b00000| Untracked 
|  28|0x0000000081c00000, 0x0000000081c00000, 0x0000000081d00000|  0%| F|  |TAMS 0x0000000081c00000, 0x0000000081c00000| Untracked 
|  29|0x0000000081d00000, 0x0000000081d00000, 0x0000000081e00000|  0%| F|  |TAMS 0x0000000081d00000, 0x0000000081d00000| Untracked 
|  30|0x0000000081e00000, 0x0000000081e00000, 0x0000000081f00000|  0%| F|  |TAMS 0x0000000081e00000, 0x0000000081e00000| Untracked 
|  31|0x0000000081f00000, 0x0000000081f00000, 0x0000000082000000|  0%| F|  |TAMS 0x0000000081f00000, 0x0000000081f00000| Untracked 
|  32|0x0000000082000000, 0x0000000082000000, 0x0000000082100000|  0%| F|  |TAMS 0x0000000082000000, 0x0000000082000000| Untracked 
|  33|0x0000000082100000, 0x0000000082100000, 0x0000000082200000|  0%| F|  |TAMS 0x0000000082100000, 0x0000000082100000| Untracked 
|  34|0x0000000082200000, 0x0000000082200000, 0x0000000082300000|  0%| F|  |TAMS 0x0000000082200000, 0x0000000082200000| Untracked 
|  35|0x0000000082300000, 0x0000000082300000, 0x0000000082400000|  0%| F|  |TAMS 0x0000000082300000, 0x0000000082300000| Untracked 
|  36|0x0000000082400000, 0x0000000082400000, 0x0000000082500000|  0%| F|  |TAMS 0x0000000082400000, 0x0000000082400000| Untracked 
|  37|0x0000000082500000, 0x0000000082500000, 0x0000000082600000|  0%| F|  |TAMS 0x0000000082500000, 0x0000000082500000| Untracked 
|  38|0x0000000082600000, 0x0000000082600000, 0x0000000082700000|  0%| F|  |TAMS 0x0000000082600000, 0x0000000082600000| Untracked 
|  39|0x0000000082700000, 0x0000000082700000, 0x0000000082800000|  0%| F|  |TAMS 0x0000000082700000, 0x0000000082700000| Untracked 
|  40|0x0000000082800000, 0x0000000082800000, 0x0000000082900000|  0%| F|  |TAMS 0x0000000082800000, 0x0000000082800000| Untracked 
|  41|0x0000000082900000, 0x0000000082900000, 0x0000000082a00000|  0%| F|  |TAMS 0x0000000082900000, 0x0000000082900000| Untracked 
|  42|0x0000000082a00000, 0x0000000082a00000, 0x0000000082b00000|  0%| F|  |TAMS 0x0000000082a00000, 0x0000000082a00000| Untracked 
|  43|0x0000000082b00000, 0x0000000082b00000, 0x0000000082c00000|  0%| F|  |TAMS 0x0000000082b00000, 0x0000000082b00000| Untracked 
|  44|0x0000000082c00000, 0x0000000082c00000, 0x0000000082d00000|  0%| F|  |TAMS 0x0000000082c00000, 0x0000000082c00000| Untracked 
|  45|0x0000000082d00000, 0x0000000082d00000, 0x0000000082e00000|  0%| F|  |TAMS 0x0000000082d00000, 0x0000000082d00000| Untracked 
|  46|0x0000000082e00000, 0x0000000082e00000, 0x0000000082f00000|  0%| F|  |TAMS 0x0000000082e00000, 0x0000000082e00000| Untracked 
|  47|0x0000000082f00000, 0x0000000082f00000, 0x0000000083000000|  0%| F|  |TAMS 0x0000000082f00000, 0x0000000082f00000| Untracked 
|  48|0x0000000083000000, 0x0000000083000000, 0x0000000083100000|  0%| F|  |TAMS 0x0000000083000000, 0x0000000083000000| Untracked 
|  49|0x0000000083100000, 0x0000000083100000, 0x0000000083200000|  0%| F|  |TAMS 0x0000000083100000, 0x0000000083100000| Untracked 
|  50|0x0000000083200000, 0x0000000083200000, 0x0000000083300000|  0%| F|  |TAMS 0x0000000083200000, 0x0000000083200000| Untracked 
|  51|0x0000000083300000, 0x0000000083300000, 0x0000000083400000|  0%| F|  |TAMS 0x0000000083300000, 0x0000000083300000| Untracked 
|  52|0x0000000083400000, 0x0000000083400000, 0x0000000083500000|  0%| F|  |TAMS 0x0000000083400000, 0x0000000083400000| Untracked 
|  53|0x0000000083500000, 0x0000000083500000, 0x0000000083600000|  0%| F|  |TAMS 0x0000000083500000, 0x0000000083500000| Untracked 
|  54|0x0000000083600000, 0x0000000083600000, 0x0000000083700000|  0%| F|  |TAMS 0x0000000083600000, 0x0000000083600000| Untracked 
|  55|0x0000000083700000, 0x0000000083700000, 0x0000000083800000|  0%| F|  |TAMS 0x0000000083700000, 0x0000000083700000| Untracked 
|  56|0x0000000083800000, 0x0000000083800000, 0x0000000083900000|  0%| F|  |TAMS 0x0000000083800000, 0x0000000083800000| Untracked 
|  57|0x0000000083900000, 0x0000000083900000, 0x0000000083a00000|  0%| F|  |TAMS 0x0000000083900000, 0x0000000083900000| Untracked 
|  58|0x0000000083a00000, 0x0000000083a00000, 0x0000000083b00000|  0%| F|  |TAMS 0x0000000083a00000, 0x0000000083a00000| Untracked 
|  59|0x0000000083b00000, 0x0000000083b00000, 0x0000000083c00000|  0%| F|  |TAMS 0x0000000083b00000, 0x0000000083b00000| Untracked 
|  60|0x0000000083c00000, 0x0000000083c00000, 0x0000000083d00000|  0%| F|  |TAMS 0x0000000083c00000, 0x0000000083c00000| Untracked 
|  61|0x0000000083d00000, 0x0000000083d00000, 0x0000000083e00000|  0%| F|  |TAMS 0x0000000083d00000, 0x0000000083d00000| Untracked 
|  62|0x0000000083e00000, 0x0000000083e00000, 0x0000000083f00000|  0%| F|  |TAMS 0x0000000083e00000, 0x0000000083e00000| Untracked 
|  63|0x0000000083f00000, 0x0000000083f00000, 0x0000000084000000|  0%| F|  |TAMS 0x0000000083f00000, 0x0000000083f00000| Untracked 
|  64|0x0000000084000000, 0x0000000084000000, 0x0000000084100000|  0%| F|  |TAMS 0x0000000084000000, 0x0000000084000000| Untracked 
|  65|0x0000000084100000, 0x0000000084100000, 0x0000000084200000|  0%| F|  |TAMS 0x0000000084100000, 0x0000000084100000| Untracked 
|  66|0x0000000084200000, 0x0000000084200000, 0x0000000084300000|  0%| F|  |TAMS 0x0000000084200000, 0x0000000084200000| Untracked 
|  67|0x0000000084300000, 0x0000000084300000, 0x0000000084400000|  0%| F|  |TAMS 0x0000000084300000, 0x0000000084300000| Untracked 
|  68|0x0000000084400000, 0x0000000084400000, 0x0000000084500000|  0%| F|  |TAMS 0x0000000084400000, 0x0000000084400000| Untracked 
|  69|0x0000000084500000, 0x0000000084500000, 0x0000000084600000|  0%| F|  |TAMS 0x0000000084500000, 0x0000000084500000| Untracked 
|  70|0x0000000084600000, 0x0000000084600000, 0x0000000084700000|  0%| F|  |TAMS 0x0000000084600000, 0x0000000084600000| Untracked 
|  71|0x0000000084700000, 0x0000000084700000, 0x0000000084800000|  0%| F|  |TAMS 0x0000000084700000, 0x0000000084700000| Untracked 
|  72|0x0000000084800000, 0x0000000084800000, 0x0000000084900000|  0%| F|  |TAMS 0x0000000084800000, 0x0000000084800000| Untracked 
|  73|0x0000000084900000, 0x0000000084900000, 0x0000000084a00000|  0%| F|  |TAMS 0x0000000084900000, 0x0000000084900000| Untracked 
|  74|0x0000000084a00000, 0x0000000084a00000, 0x0000000084b00000|  0%| F|  |TAMS 0x0000000084a00000, 0x0000000084a00000| Untracked 
|  75|0x0000000084b00000, 0x0000000084b00000, 0x0000000084c00000|  0%| F|  |TAMS 0x0000000084b00000, 0x0000000084b00000| Untracked 
|  76|0x0000000084c00000, 0x0000000084c00000, 0x0000000084d00000|  0%| F|  |TAMS 0x0000000084c00000, 0x0000000084c00000| Untracked 
|  77|0x0000000084d00000, 0x0000000084d00000, 0x0000000084e00000|  0%| F|  |TAMS 0x0000000084d00000, 0x0000000084d00000| Untracked 
|  78|0x0000000084e00000, 0x0000000084e00000, 0x0000000084f00000|  0%| F|  |TAMS 0x0000000084e00000, 0x0000000084e00000| Untracked 
|  79|0x0000000084f00000, 0x0000000084f00000, 0x0000000085000000|  0%| F|  |TAMS 0x0000000084f00000, 0x0000000084f00000| Untracked 
|  80|0x0000000085000000, 0x0000000085000000, 0x0000000085100000|  0%| F|  |TAMS 0x0000000085000000, 0x0000000085000000| Untracked 
|  81|0x0000000085100000, 0x0000000085100000, 0x0000000085200000|  0%| F|  |TAMS 0x0000000085100000, 0x0000000085100000| Untracked 
|  82|0x0000000085200000, 0x0000000085200000, 0x0000000085300000|  0%| F|  |TAMS 0x0000000085200000, 0x0000000085200000| Untracked 
|  83|0x0000000085300000, 0x0000000085300000, 0x0000000085400000|  0%| F|  |TAMS 0x0000000085300000, 0x0000000085300000| Untracked 
|  84|0x0000000085400000, 0x0000000085400000, 0x0000000085500000|  0%| F|  |TAMS 0x0000000085400000, 0x0000000085400000| Untracked 
|  85|0x0000000085500000, 0x0000000085500000, 0x0000000085600000|  0%| F|  |TAMS 0x0000000085500000, 0x0000000085500000| Untracked 
|  86|0x0000000085600000, 0x0000000085600000, 0x0000000085700000|  0%| F|  |TAMS 0x0000000085600000, 0x0000000085600000| Untracked 
|  87|0x0000000085700000, 0x0000000085700000, 0x0000000085800000|  0%| F|  |TAMS 0x0000000085700000, 0x0000000085700000| Untracked 
|  88|0x0000000085800000, 0x0000000085800000, 0x0000000085900000|  0%| F|  |TAMS 0x0000000085800000, 0x0000000085800000| Untracked 
|  89|0x0000000085900000, 0x0000000085900000, 0x0000000085a00000|  0%| F|  |TAMS 0x0000000085900000, 0x0000000085900000| Untracked 
|  90|0x0000000085a00000, 0x0000000085a00000, 0x0000000085b00000|  0%| F|  |TAMS 0x0000000085a00000, 0x0000000085a00000| Untracked 
|  91|0x0000000085b00000, 0x0000000085b00000, 0x0000000085c00000|  0%| F|  |TAMS 0x0000000085b00000, 0x0000000085b00000| Untracked 
|  92|0x0000000085c00000, 0x0000000085c00000, 0x0000000085d00000|  0%| F|  |TAMS 0x0000000085c00000, 0x0000000085c00000| Untracked 
|  93|0x0000000085d00000, 0x0000000085d00000, 0x0000000085e00000|  0%| F|  |TAMS 0x0000000085d00000, 0x0000000085d00000| Untracked 
|  94|0x0000000085e00000, 0x0000000085e00000, 0x0000000085f00000|  0%| F|  |TAMS 0x0000000085e00000, 0x0000000085e00000| Untracked 
|  95|0x0000000085f00000, 0x0000000085f00000, 0x0000000086000000|  0%| F|  |TAMS 0x0000000085f00000, 0x0000000085f00000| Untracked 
|  96|0x0000000086000000, 0x0000000086000000, 0x0000000086100000|  0%| F|  |TAMS 0x0000000086000000, 0x0000000086000000| Untracked 
|  97|0x0000000086100000, 0x0000000086100000, 0x0000000086200000|  0%| F|  |TAMS 0x0000000086100000, 0x0000000086100000| Untracked 
|  98|0x0000000086200000, 0x0000000086200000, 0x0000000086300000|  0%| F|  |TAMS 0x0000000086200000, 0x0000000086200000| Untracked 
|  99|0x0000000086300000, 0x0000000086300000, 0x0000000086400000|  0%| F|  |TAMS 0x0000000086300000, 0x0000000086300000| Untracked 
| 100|0x0000000086400000, 0x0000000086400000, 0x0000000086500000|  0%| F|  |TAMS 0x0000000086400000, 0x0000000086400000| Untracked 
| 101|0x0000000086500000, 0x0000000086500000, 0x0000000086600000|  0%| F|  |TAMS 0x0000000086500000, 0x0000000086500000| Untracked 
| 102|0x0000000086600000, 0x0000000086600000, 0x0000000086700000|  0%| F|  |TAMS 0x0000000086600000, 0x0000000086600000| Untracked 
| 103|0x0000000086700000, 0x0000000086700000, 0x0000000086800000|  0%| F|  |TAMS 0x0000000086700000, 0x0000000086700000| Untracked 
| 104|0x0000000086800000, 0x0000000086800000, 0x0000000086900000|  0%| F|  |TAMS 0x0000000086800000, 0x0000000086800000| Untracked 
| 105|0x0000000086900000, 0x0000000086900000, 0x0000000086a00000|  0%| F|  |TAMS 0x0000000086900000, 0x0000000086900000| Untracked 
| 106|0x0000000086a00000, 0x0000000086a00000, 0x0000000086b00000|  0%| F|  |TAMS 0x0000000086a00000, 0x0000000086a00000| Untracked 
| 107|0x0000000086b00000, 0x0000000086b80800, 0x0000000086c00000| 50%| E|  |TAMS 0x0000000086b00000, 0x0000000086b00000| Complete 
| 108|0x0000000086c00000, 0x0000000086d00000, 0x0000000086d00000|100%| E|CS|TAMS 0x0000000086c00000, 0x0000000086c00000| Complete 
| 109|0x0000000086d00000, 0x0000000086e00000, 0x0000000086e00000|100%| E|CS|TAMS 0x0000000086d00000, 0x0000000086d00000| Complete 
| 110|0x0000000086e00000, 0x0000000086f00000, 0x0000000086f00000|100%| E|CS|TAMS 0x0000000086e00000, 0x0000000086e00000| Complete 
| 111|0x0000000086f00000, 0x0000000087000000, 0x0000000087000000|100%| E|CS|TAMS 0x0000000086f00000, 0x0000000086f00000| Complete 
| 112|0x0000000087000000, 0x0000000087100000, 0x0000000087100000|100%| E|CS|TAMS 0x0000000087000000, 0x0000000087000000| Complete 
| 113|0x0000000087100000, 0x0000000087200000, 0x0000000087200000|100%| E|CS|TAMS 0x0000000087100000, 0x0000000087100000| Complete 
| 114|0x0000000087200000, 0x0000000087300000, 0x0000000087300000|100%| E|CS|TAMS 0x0000000087200000, 0x0000000087200000| Complete 
| 115|0x0000000087300000, 0x0000000087400000, 0x0000000087400000|100%| E|CS|TAMS 0x0000000087300000, 0x0000000087300000| Complete 
| 116|0x0000000087400000, 0x0000000087500000, 0x0000000087500000|100%| E|CS|TAMS 0x0000000087400000, 0x0000000087400000| Complete 
| 117|0x0000000087500000, 0x0000000087600000, 0x0000000087600000|100%| E|CS|TAMS 0x0000000087500000, 0x0000000087500000| Complete 
| 118|0x0000000087600000, 0x0000000087700000, 0x0000000087700000|100%| E|CS|TAMS 0x0000000087600000, 0x0000000087600000| Complete 
| 119|0x0000000087700000, 0x0000000087775d58, 0x0000000087800000| 46%| S|CS|TAMS 0x0000000087700000, 0x0000000087700000| Complete 
| 120|0x0000000087800000, 0x0000000087900000, 0x0000000087900000|100%| S|CS|TAMS 0x0000000087800000, 0x0000000087800000| Complete 
| 121|0x0000000087900000, 0x0000000087a00000, 0x0000000087a00000|100%| S|CS|TAMS 0x0000000087900000, 0x0000000087900000| Complete 
| 122|0x0000000087a00000, 0x0000000087b00000, 0x0000000087b00000|100%| S|CS|TAMS 0x0000000087a00000, 0x0000000087a00000| Complete 
| 123|0x0000000087b00000, 0x0000000087c00000, 0x0000000087c00000|100%| S|CS|TAMS 0x0000000087b00000, 0x0000000087b00000| Complete 
| 124|0x0000000087c00000, 0x0000000087d00000, 0x0000000087d00000|100%| S|CS|TAMS 0x0000000087c00000, 0x0000000087c00000| Complete 
| 125|0x0000000087d00000, 0x0000000087e00000, 0x0000000087e00000|100%| S|CS|TAMS 0x0000000087d00000, 0x0000000087d00000| Complete 
| 126|0x0000000087e00000, 0x0000000087f00000, 0x0000000087f00000|100%| S|CS|TAMS 0x0000000087e00000, 0x0000000087e00000| Complete 
| 127|0x0000000087f00000, 0x0000000088000000, 0x0000000088000000|100%| S|CS|TAMS 0x0000000087f00000, 0x0000000087f00000| Complete 
| 128|0x0000000088000000, 0x0000000088100000, 0x0000000088100000|100%| S|CS|TAMS 0x0000000088000000, 0x0000000088000000| Complete 
| 129|0x0000000088100000, 0x0000000088200000, 0x0000000088200000|100%| S|CS|TAMS 0x0000000088100000, 0x0000000088100000| Complete 
| 130|0x0000000088200000, 0x0000000088300000, 0x0000000088300000|100%| S|CS|TAMS 0x0000000088200000, 0x0000000088200000| Complete 
| 131|0x0000000088300000, 0x0000000088400000, 0x0000000088400000|100%| S|CS|TAMS 0x0000000088300000, 0x0000000088300000| Complete 
| 132|0x0000000088400000, 0x0000000088500000, 0x0000000088500000|100%| E|CS|TAMS 0x0000000088400000, 0x0000000088400000| Complete 
| 133|0x0000000088500000, 0x0000000088600000, 0x0000000088600000|100%| E|CS|TAMS 0x0000000088500000, 0x0000000088500000| Complete 
| 134|0x0000000088600000, 0x0000000088700000, 0x0000000088700000|100%| E|CS|TAMS 0x0000000088600000, 0x0000000088600000| Complete 
| 135|0x0000000088700000, 0x0000000088800000, 0x0000000088800000|100%| E|CS|TAMS 0x0000000088700000, 0x0000000088700000| Complete 
| 136|0x0000000088800000, 0x0000000088900000, 0x0000000088900000|100%| E|CS|TAMS 0x0000000088800000, 0x0000000088800000| Complete 
| 137|0x0000000088900000, 0x0000000088a00000, 0x0000000088a00000|100%| E|CS|TAMS 0x0000000088900000, 0x0000000088900000| Complete 
| 138|0x0000000088a00000, 0x0000000088b00000, 0x0000000088b00000|100%| E|CS|TAMS 0x0000000088a00000, 0x0000000088a00000| Complete 
| 139|0x0000000088b00000, 0x0000000088c00000, 0x0000000088c00000|100%| E|CS|TAMS 0x0000000088b00000, 0x0000000088b00000| Complete 
| 140|0x0000000088c00000, 0x0000000088d00000, 0x0000000088d00000|100%| E|CS|TAMS 0x0000000088c00000, 0x0000000088c00000| Complete 
| 141|0x0000000088d00000, 0x0000000088e00000, 0x0000000088e00000|100%| E|CS|TAMS 0x0000000088d00000, 0x0000000088d00000| Complete 
| 142|0x0000000088e00000, 0x0000000088f00000, 0x0000000088f00000|100%| E|CS|TAMS 0x0000000088e00000, 0x0000000088e00000| Complete 
| 143|0x0000000088f00000, 0x0000000089000000, 0x0000000089000000|100%| E|CS|TAMS 0x0000000088f00000, 0x0000000088f00000| Complete 
| 144|0x0000000089000000, 0x0000000089100000, 0x0000000089100000|100%| E|CS|TAMS 0x0000000089000000, 0x0000000089000000| Complete 
| 145|0x0000000089100000, 0x0000000089200000, 0x0000000089200000|100%| E|CS|TAMS 0x0000000089100000, 0x0000000089100000| Complete 
| 146|0x0000000089200000, 0x0000000089300000, 0x0000000089300000|100%| E|CS|TAMS 0x0000000089200000, 0x0000000089200000| Complete 
| 147|0x0000000089300000, 0x0000000089400000, 0x0000000089400000|100%| E|CS|TAMS 0x0000000089300000, 0x0000000089300000| Complete 
| 148|0x0000000089400000, 0x0000000089500000, 0x0000000089500000|100%| E|CS|TAMS 0x0000000089400000, 0x0000000089400000| Complete 
| 149|0x0000000089500000, 0x0000000089600000, 0x0000000089600000|100%| E|CS|TAMS 0x0000000089500000, 0x0000000089500000| Complete 
| 150|0x0000000089600000, 0x0000000089700000, 0x0000000089700000|100%| E|CS|TAMS 0x0000000089600000, 0x0000000089600000| Complete 
| 151|0x0000000089700000, 0x0000000089800000, 0x0000000089800000|100%| E|CS|TAMS 0x0000000089700000, 0x0000000089700000| Complete 
| 152|0x0000000089800000, 0x0000000089900000, 0x0000000089900000|100%| E|CS|TAMS 0x0000000089800000, 0x0000000089800000| Complete 
| 153|0x0000000089900000, 0x0000000089a00000, 0x0000000089a00000|100%| E|CS|TAMS 0x0000000089900000, 0x0000000089900000| Complete 
| 154|0x0000000089a00000, 0x0000000089b00000, 0x0000000089b00000|100%| E|CS|TAMS 0x0000000089a00000, 0x0000000089a00000| Complete 
| 155|0x0000000089b00000, 0x0000000089c00000, 0x0000000089c00000|100%| E|CS|TAMS 0x0000000089b00000, 0x0000000089b00000| Complete 
| 156|0x0000000089c00000, 0x0000000089d00000, 0x0000000089d00000|100%| E|CS|TAMS 0x0000000089c00000, 0x0000000089c00000| Complete 
| 157|0x0000000089d00000, 0x0000000089e00000, 0x0000000089e00000|100%| E|CS|TAMS 0x0000000089d00000, 0x0000000089d00000| Complete 
| 158|0x0000000089e00000, 0x0000000089f00000, 0x0000000089f00000|100%| E|CS|TAMS 0x0000000089e00000, 0x0000000089e00000| Complete 
| 159|0x0000000089f00000, 0x000000008a000000, 0x000000008a000000|100%| E|CS|TAMS 0x0000000089f00000, 0x0000000089f00000| Complete 
| 160|0x000000008a000000, 0x000000008a100000, 0x000000008a100000|100%| E|CS|TAMS 0x000000008a000000, 0x000000008a000000| Complete 
| 161|0x000000008a100000, 0x000000008a200000, 0x000000008a200000|100%| E|CS|TAMS 0x000000008a100000, 0x000000008a100000| Complete 
| 162|0x000000008a200000, 0x000000008a300000, 0x000000008a300000|100%| E|CS|TAMS 0x000000008a200000, 0x000000008a200000| Complete 
| 163|0x000000008a300000, 0x000000008a400000, 0x000000008a400000|100%| E|CS|TAMS 0x000000008a300000, 0x000000008a300000| Complete 
| 164|0x000000008a400000, 0x000000008a500000, 0x000000008a500000|100%| E|CS|TAMS 0x000000008a400000, 0x000000008a400000| Complete 
| 165|0x000000008a500000, 0x000000008a600000, 0x000000008a600000|100%| E|CS|TAMS 0x000000008a500000, 0x000000008a500000| Complete 
| 166|0x000000008a600000, 0x000000008a700000, 0x000000008a700000|100%| E|CS|TAMS 0x000000008a600000, 0x000000008a600000| Complete 
| 167|0x000000008a700000, 0x000000008a800000, 0x000000008a800000|100%| E|CS|TAMS 0x000000008a700000, 0x000000008a700000| Complete 
| 168|0x000000008a800000, 0x000000008a900000, 0x000000008a900000|100%| E|CS|TAMS 0x000000008a800000, 0x000000008a800000| Complete 
| 169|0x000000008a900000, 0x000000008aa00000, 0x000000008aa00000|100%| E|CS|TAMS 0x000000008a900000, 0x000000008a900000| Complete 
| 170|0x000000008aa00000, 0x000000008ab00000, 0x000000008ab00000|100%| E|CS|TAMS 0x000000008aa00000, 0x000000008aa00000| Complete 
| 171|0x000000008ab00000, 0x000000008ac00000, 0x000000008ac00000|100%| E|CS|TAMS 0x000000008ab00000, 0x000000008ab00000| Complete 
| 172|0x000000008ac00000, 0x000000008ad00000, 0x000000008ad00000|100%| E|CS|TAMS 0x000000008ac00000, 0x000000008ac00000| Complete 
| 173|0x000000008ad00000, 0x000000008ae00000, 0x000000008ae00000|100%| E|CS|TAMS 0x000000008ad00000, 0x000000008ad00000| Complete 
| 174|0x000000008ae00000, 0x000000008af00000, 0x000000008af00000|100%| E|CS|TAMS 0x000000008ae00000, 0x000000008ae00000| Complete 
| 175|0x000000008af00000, 0x000000008b000000, 0x000000008b000000|100%| E|CS|TAMS 0x000000008af00000, 0x000000008af00000| Complete 
| 176|0x000000008b000000, 0x000000008b100000, 0x000000008b100000|100%| E|CS|TAMS 0x000000008b000000, 0x000000008b000000| Complete 
| 177|0x000000008b100000, 0x000000008b200000, 0x000000008b200000|100%| E|CS|TAMS 0x000000008b100000, 0x000000008b100000| Complete 
| 178|0x000000008b200000, 0x000000008b300000, 0x000000008b300000|100%| E|CS|TAMS 0x000000008b200000, 0x000000008b200000| Complete 
| 179|0x000000008b300000, 0x000000008b400000, 0x000000008b400000|100%| E|CS|TAMS 0x000000008b300000, 0x000000008b300000| Complete 
| 180|0x000000008b400000, 0x000000008b500000, 0x000000008b500000|100%| E|CS|TAMS 0x000000008b400000, 0x000000008b400000| Complete 
| 181|0x000000008b500000, 0x000000008b600000, 0x000000008b600000|100%| E|CS|TAMS 0x000000008b500000, 0x000000008b500000| Complete 
| 182|0x000000008b600000, 0x000000008b700000, 0x000000008b700000|100%| E|CS|TAMS 0x000000008b600000, 0x000000008b600000| Complete 
| 183|0x000000008b700000, 0x000000008b800000, 0x000000008b800000|100%| E|CS|TAMS 0x000000008b700000, 0x000000008b700000| Complete 
| 184|0x000000008b800000, 0x000000008b900000, 0x000000008b900000|100%| E|CS|TAMS 0x000000008b800000, 0x000000008b800000| Complete 
| 185|0x000000008b900000, 0x000000008ba00000, 0x000000008ba00000|100%| E|CS|TAMS 0x000000008b900000, 0x000000008b900000| Complete 
| 186|0x000000008ba00000, 0x000000008bb00000, 0x000000008bb00000|100%| E|CS|TAMS 0x000000008ba00000, 0x000000008ba00000| Complete 
| 187|0x000000008bb00000, 0x000000008bc00000, 0x000000008bc00000|100%| E|CS|TAMS 0x000000008bb00000, 0x000000008bb00000| Complete 
| 188|0x000000008bc00000, 0x000000008bd00000, 0x000000008bd00000|100%| E|CS|TAMS 0x000000008bc00000, 0x000000008bc00000| Complete 
| 189|0x000000008bd00000, 0x000000008be00000, 0x000000008be00000|100%| E|CS|TAMS 0x000000008bd00000, 0x000000008bd00000| Complete 
| 190|0x000000008be00000, 0x000000008bf00000, 0x000000008bf00000|100%| E|CS|TAMS 0x000000008be00000, 0x000000008be00000| Complete 
| 191|0x000000008bf00000, 0x000000008c000000, 0x000000008c000000|100%| E|CS|TAMS 0x000000008bf00000, 0x000000008bf00000| Complete 
| 192|0x000000008c000000, 0x000000008c100000, 0x000000008c100000|100%| E|CS|TAMS 0x000000008c000000, 0x000000008c000000| Complete 
| 193|0x000000008c100000, 0x000000008c200000, 0x000000008c200000|100%| E|CS|TAMS 0x000000008c100000, 0x000000008c100000| Complete 
| 194|0x000000008c200000, 0x000000008c300000, 0x000000008c300000|100%| E|CS|TAMS 0x000000008c200000, 0x000000008c200000| Complete 
| 195|0x000000008c300000, 0x000000008c400000, 0x000000008c400000|100%| E|CS|TAMS 0x000000008c300000, 0x000000008c300000| Complete 
| 196|0x000000008c400000, 0x000000008c500000, 0x000000008c500000|100%| E|CS|TAMS 0x000000008c400000, 0x000000008c400000| Complete 
| 197|0x000000008c500000, 0x000000008c600000, 0x000000008c600000|100%| E|CS|TAMS 0x000000008c500000, 0x000000008c500000| Complete 
| 198|0x000000008c600000, 0x000000008c700000, 0x000000008c700000|100%| E|CS|TAMS 0x000000008c600000, 0x000000008c600000| Complete 
| 199|0x000000008c700000, 0x000000008c800000, 0x000000008c800000|100%| E|CS|TAMS 0x000000008c700000, 0x000000008c700000| Complete 
| 200|0x000000008c800000, 0x000000008c900000, 0x000000008c900000|100%| E|CS|TAMS 0x000000008c800000, 0x000000008c800000| Complete 
| 201|0x000000008c900000, 0x000000008ca00000, 0x000000008ca00000|100%| E|CS|TAMS 0x000000008c900000, 0x000000008c900000| Complete 
| 202|0x000000008ca00000, 0x000000008cb00000, 0x000000008cb00000|100%| E|CS|TAMS 0x000000008ca00000, 0x000000008ca00000| Complete 
| 203|0x000000008cb00000, 0x000000008cc00000, 0x000000008cc00000|100%| E|CS|TAMS 0x000000008cb00000, 0x000000008cb00000| Complete 
| 204|0x000000008cc00000, 0x000000008cd00000, 0x000000008cd00000|100%| E|CS|TAMS 0x000000008cc00000, 0x000000008cc00000| Complete 
| 205|0x000000008cd00000, 0x000000008ce00000, 0x000000008ce00000|100%| E|CS|TAMS 0x000000008cd00000, 0x000000008cd00000| Complete 
| 206|0x000000008ce00000, 0x000000008cf00000, 0x000000008cf00000|100%| E|CS|TAMS 0x000000008ce00000, 0x000000008ce00000| Complete 
| 207|0x000000008cf00000, 0x000000008d000000, 0x000000008d000000|100%| E|CS|TAMS 0x000000008cf00000, 0x000000008cf00000| Complete 
| 208|0x000000008d000000, 0x000000008d100000, 0x000000008d100000|100%| E|CS|TAMS 0x000000008d000000, 0x000000008d000000| Complete 
| 209|0x000000008d100000, 0x000000008d200000, 0x000000008d200000|100%| E|CS|TAMS 0x000000008d100000, 0x000000008d100000| Complete 
| 210|0x000000008d200000, 0x000000008d300000, 0x000000008d300000|100%| E|CS|TAMS 0x000000008d200000, 0x000000008d200000| Complete 
| 211|0x000000008d300000, 0x000000008d400000, 0x000000008d400000|100%| E|CS|TAMS 0x000000008d300000, 0x000000008d300000| Complete 
| 212|0x000000008d400000, 0x000000008d500000, 0x000000008d500000|100%| E|CS|TAMS 0x000000008d400000, 0x000000008d400000| Complete 
| 213|0x000000008d500000, 0x000000008d600000, 0x000000008d600000|100%| E|CS|TAMS 0x000000008d500000, 0x000000008d500000| Complete 
| 214|0x000000008d600000, 0x000000008d700000, 0x000000008d700000|100%| E|CS|TAMS 0x000000008d600000, 0x000000008d600000| Complete 
| 215|0x000000008d700000, 0x000000008d800000, 0x000000008d800000|100%| E|CS|TAMS 0x000000008d700000, 0x000000008d700000| Complete 
| 216|0x000000008d800000, 0x000000008d900000, 0x000000008d900000|100%| E|CS|TAMS 0x000000008d800000, 0x000000008d800000| Complete 
| 217|0x000000008d900000, 0x000000008da00000, 0x000000008da00000|100%| E|CS|TAMS 0x000000008d900000, 0x000000008d900000| Complete 
| 218|0x000000008da00000, 0x000000008db00000, 0x000000008db00000|100%| E|CS|TAMS 0x000000008da00000, 0x000000008da00000| Complete 
| 219|0x000000008db00000, 0x000000008dc00000, 0x000000008dc00000|100%| E|CS|TAMS 0x000000008db00000, 0x000000008db00000| Complete 
| 220|0x000000008dc00000, 0x000000008dd00000, 0x000000008dd00000|100%| E|CS|TAMS 0x000000008dc00000, 0x000000008dc00000| Complete 
| 221|0x000000008dd00000, 0x000000008de00000, 0x000000008de00000|100%| E|CS|TAMS 0x000000008dd00000, 0x000000008dd00000| Complete 
| 222|0x000000008de00000, 0x000000008df00000, 0x000000008df00000|100%| E|CS|TAMS 0x000000008de00000, 0x000000008de00000| Complete 
| 223|0x000000008df00000, 0x000000008e000000, 0x000000008e000000|100%| E|CS|TAMS 0x000000008df00000, 0x000000008df00000| Complete 
| 224|0x000000008e000000, 0x000000008e100000, 0x000000008e100000|100%| E|CS|TAMS 0x000000008e000000, 0x000000008e000000| Complete 
| 225|0x000000008e100000, 0x000000008e200000, 0x000000008e200000|100%| E|CS|TAMS 0x000000008e100000, 0x000000008e100000| Complete 
| 226|0x000000008e200000, 0x000000008e300000, 0x000000008e300000|100%| E|CS|TAMS 0x000000008e200000, 0x000000008e200000| Complete 
| 227|0x000000008e300000, 0x000000008e400000, 0x000000008e400000|100%| E|CS|TAMS 0x000000008e300000, 0x000000008e300000| Complete 
| 228|0x000000008e400000, 0x000000008e500000, 0x000000008e500000|100%| E|CS|TAMS 0x000000008e400000, 0x000000008e400000| Complete 
| 229|0x000000008e500000, 0x000000008e600000, 0x000000008e600000|100%| E|CS|TAMS 0x000000008e500000, 0x000000008e500000| Complete 
| 230|0x000000008e600000, 0x000000008e700000, 0x000000008e700000|100%| E|CS|TAMS 0x000000008e600000, 0x000000008e600000| Complete 
| 231|0x000000008e700000, 0x000000008e800000, 0x000000008e800000|100%| E|CS|TAMS 0x000000008e700000, 0x000000008e700000| Complete 
| 232|0x000000008e800000, 0x000000008e900000, 0x000000008e900000|100%| E|CS|TAMS 0x000000008e800000, 0x000000008e800000| Complete 
| 233|0x000000008e900000, 0x000000008ea00000, 0x000000008ea00000|100%| E|CS|TAMS 0x000000008e900000, 0x000000008e900000| Complete 
| 234|0x000000008ea00000, 0x000000008eb00000, 0x000000008eb00000|100%| E|CS|TAMS 0x000000008ea00000, 0x000000008ea00000| Complete 
| 235|0x000000008eb00000, 0x000000008ec00000, 0x000000008ec00000|100%| E|CS|TAMS 0x000000008eb00000, 0x000000008eb00000| Complete 
| 236|0x000000008ec00000, 0x000000008ed00000, 0x000000008ed00000|100%| E|CS|TAMS 0x000000008ec00000, 0x000000008ec00000| Complete 
| 237|0x000000008ed00000, 0x000000008ee00000, 0x000000008ee00000|100%| E|CS|TAMS 0x000000008ed00000, 0x000000008ed00000| Complete 
| 238|0x000000008ee00000, 0x000000008ef00000, 0x000000008ef00000|100%| E|CS|TAMS 0x000000008ee00000, 0x000000008ee00000| Complete 
| 239|0x000000008ef00000, 0x000000008f000000, 0x000000008f000000|100%| E|CS|TAMS 0x000000008ef00000, 0x000000008ef00000| Complete 
| 240|0x000000008f000000, 0x000000008f100000, 0x000000008f100000|100%| E|CS|TAMS 0x000000008f000000, 0x000000008f000000| Complete 
| 241|0x000000008f100000, 0x000000008f200000, 0x000000008f200000|100%| E|CS|TAMS 0x000000008f100000, 0x000000008f100000| Complete 
| 242|0x000000008f200000, 0x000000008f300000, 0x000000008f300000|100%| E|CS|TAMS 0x000000008f200000, 0x000000008f200000| Complete 
| 243|0x000000008f300000, 0x000000008f400000, 0x000000008f400000|100%| E|CS|TAMS 0x000000008f300000, 0x000000008f300000| Complete 
| 244|0x000000008f400000, 0x000000008f500000, 0x000000008f500000|100%| E|CS|TAMS 0x000000008f400000, 0x000000008f400000| Complete 
| 245|0x000000008f500000, 0x000000008f600000, 0x000000008f600000|100%| E|CS|TAMS 0x000000008f500000, 0x000000008f500000| Complete 
| 246|0x000000008f600000, 0x000000008f700000, 0x000000008f700000|100%| E|CS|TAMS 0x000000008f600000, 0x000000008f600000| Complete 
| 247|0x000000008f700000, 0x000000008f800000, 0x000000008f800000|100%| E|CS|TAMS 0x000000008f700000, 0x000000008f700000| Complete 
| 248|0x000000008f800000, 0x000000008f900000, 0x000000008f900000|100%| E|CS|TAMS 0x000000008f800000, 0x000000008f800000| Complete 
| 249|0x000000008f900000, 0x000000008fa00000, 0x000000008fa00000|100%| E|CS|TAMS 0x000000008f900000, 0x000000008f900000| Complete 
| 250|0x000000008fa00000, 0x000000008fb00000, 0x000000008fb00000|100%| E|CS|TAMS 0x000000008fa00000, 0x000000008fa00000| Complete 
| 251|0x000000008fb00000, 0x000000008fc00000, 0x000000008fc00000|100%| E|CS|TAMS 0x000000008fb00000, 0x000000008fb00000| Complete 
| 252|0x000000008fc00000, 0x000000008fd00000, 0x000000008fd00000|100%| E|CS|TAMS 0x000000008fc00000, 0x000000008fc00000| Complete 
| 253|0x000000008fd00000, 0x000000008fe00000, 0x000000008fe00000|100%| E|CS|TAMS 0x000000008fd00000, 0x000000008fd00000| Complete 

Card table byte_map: [0x000002e95ba70000,0x000002e95be70000] _byte_map_base: 0x000002e95b670000

Marking Bits (Prev, Next): (CMBitMap*) 0x000002e948883128, (CMBitMap*) 0x000002e948883160
 Prev Bits: [0x000002e95c270000, 0x000002e95e270000)
 Next Bits: [0x000002e95e270000, 0x000002e960270000)

Polling page: 0x000002e948010000

Metaspace:

Usage:
  Non-class:     47.32 MB capacity,    46.53 MB ( 98%) used,   656.64 KB (  1%) free+waste,   143.69 KB ( <1%) overhead. 
      Class:      7.36 MB capacity,     6.86 MB ( 93%) used,   444.15 KB (  6%) free+waste,    68.50 KB ( <1%) overhead. 
       Both:     54.68 MB capacity,    53.39 MB ( 98%) used,     1.07 MB (  2%) free+waste,   212.19 KB ( <1%) overhead. 

Virtual space:
  Non-class space:       50.00 MB reserved,      47.45 MB ( 95%) committed 
      Class space:        1.00 GB reserved,       7.38 MB ( <1%) committed 
             Both:        1.05 GB reserved,      54.82 MB (  5%) committed 

Chunk freelists:
   Non-Class:  9.00 KB
       Class:  15.00 KB
        Both:  24.00 KB

MaxMetaspaceSize: 17179869184.00 GB
CompressedClassSpaceSize: 1.00 GB
Initial GC threshold: 20.80 MB
Current GC threshold: 58.88 MB
CDS: off

CodeHeap 'non-profiled nmethods': size=120000Kb used=3135Kb max_used=3135Kb free=116864Kb
 bounds [0x000002e953e10000, 0x000002e954120000, 0x000002e95b340000]
CodeHeap 'profiled nmethods': size=120000Kb used=11443Kb max_used=11443Kb free=108556Kb
 bounds [0x000002e94c8e0000, 0x000002e94d410000, 0x000002e953e10000]
CodeHeap 'non-nmethods': size=5760Kb used=2322Kb max_used=2342Kb free=3437Kb
 bounds [0x000002e94c340000, 0x000002e94c5b0000, 0x000002e94c8e0000]
 total_blobs=6370 nmethods=5557 adapters=725
 compilation: enabled
              stopped_count=0, restarted_count=0
 full_count=0

Compilation events (20 events):
Event: 21.365 Thread 0x000002e96359a000 5552       3       com.google.common.collect.AbstractMapEntry::<init> (5 bytes)
Event: 21.365 Thread 0x000002e96359a000 nmethod 5552 0x000002e94d402590 code [0x000002e94d402740, 0x000002e94d402898]
Event: 21.365 Thread 0x000002e96359a000 5556       1       com.google.common.collect.ImmutableMapEntry$NonTerminalImmutableMapEntry::getNextInKeyBucket (5 bytes)
Event: 21.365 Thread 0x000002e96359a000 nmethod 5556 0x000002e95411f990 code [0x000002e95411fb40, 0x000002e95411fbf8]
Event: 21.365 Thread 0x000002e96359a000 5559       3       org.gradle.internal.instantiation.generator.ParamsMatchingConstructorSelector::forParams (481 bytes)
Event: 21.368 Thread 0x000002e96359a000 nmethod 5559 0x000002e94d402990 code [0x000002e94d402f00, 0x000002e94d405fb8]
Event: 21.368 Thread 0x000002e96359a000 5560       3       org.gradle.internal.instantiation.generator.ParamsMatchingConstructorSelector::vetoParameters (1 bytes)
Event: 21.368 Thread 0x000002e96359a000 nmethod 5560 0x000002e94d406e90 code [0x000002e94d407040, 0x000002e94d407138]
Event: 21.368 Thread 0x000002e96359a000 5561       3       org.gradle.internal.instantiation.generator.AsmBackedClassGenerator::getServicesForNext (13 bytes)
Event: 21.368 Thread 0x000002e96359a000 nmethod 5561 0x000002e94d407210 code [0x000002e94d4073e0, 0x000002e94d407668]
Event: 21.372 Thread 0x000002e96359a000 5562   !   3       java.lang.reflect.Field::declaredAnnotations (82 bytes)
Event: 21.373 Thread 0x000002e96359a000 nmethod 5562 0x000002e94d407790 code [0x000002e94d4079a0, 0x000002e94d407f48]
Event: 21.373 Thread 0x000002e96359a000 5564       3       org.objectweb.asm.SymbolTable::addConstantIntegerOrFloat (100 bytes)
Event: 21.374 Thread 0x000002e96359a000 nmethod 5564 0x000002e94d408210 code [0x000002e94d408440, 0x000002e94d4089f8]
Event: 21.377 Thread 0x000002e96359a000 5565       3       org.gradle.internal.instantiation.generator.DependencyInjectingInstantiator::verifyParameters (175 bytes)
Event: 21.378 Thread 0x000002e96359a000 nmethod 5565 0x000002e94d408d10 code [0x000002e94d409080, 0x000002e94d40a4e8]
Event: 21.383 Thread 0x000002e96359a000 5568       3       java.lang.AbstractStringBuilder::append (67 bytes)
Event: 21.383 Thread 0x000002e96359a000 nmethod 5568 0x000002e94d40ac10 code [0x000002e94d40ae20, 0x000002e94d40b308]
Event: 21.383 Thread 0x000002e96359a000 5569       3       java.lang.AbstractStringBuilder::getBytes (44 bytes)
Event: 21.384 Thread 0x000002e96359a000 nmethod 5569 0x000002e94d40b490 code [0x000002e94d40b660, 0x000002e94d40b938]

GC Heap History (10 events):
Event: 0.845 GC heap before
{Heap before GC invocations=0 (full 0):
 garbage-first heap   total 260096K, used 30720K [0x0000000080000000, 0x0000000100000000)
  region size 1024K, 24 young (24576K), 0 survivors (0K)
 Metaspace       used 9873K, capacity 10114K, committed 10368K, reserved 1058816K
  class space    used 1028K, capacity 1102K, committed 1152K, reserved 1048576K
}
Event: 0.853 GC heap after
{Heap after GC invocations=1 (full 0):
 garbage-first heap   total 260096K, used 9347K [0x0000000080000000, 0x0000000100000000)
  region size 1024K, 3 young (3072K), 3 survivors (3072K)
 Metaspace       used 9873K, capacity 10114K, committed 10368K, reserved 1058816K
  class space    used 1028K, capacity 1102K, committed 1152K, reserved 1048576K
}
Event: 6.967 GC heap before
{Heap before GC invocations=1 (full 0):
 garbage-first heap   total 260096K, used 111747K [0x0000000080000000, 0x0000000100000000)
  region size 1024K, 104 young (106496K), 3 survivors (3072K)
 Metaspace       used 20722K, capacity 21136K, committed 21248K, reserved 1067008K
  class space    used 2550K, capacity 2712K, committed 2816K, reserved 1048576K
}
Event: 6.978 GC heap after
{Heap after GC invocations=2 (full 0):
 garbage-first heap   total 260096K, used 16625K [0x0000000080000000, 0x0000000100000000)
  region size 1024K, 11 young (11264K), 11 survivors (11264K)
 Metaspace       used 20722K, capacity 21136K, committed 21248K, reserved 1067008K
  class space    used 2550K, capacity 2712K, committed 2816K, reserved 1048576K
}
Event: 12.495 GC heap before
{Heap before GC invocations=3 (full 0):
 garbage-first heap   total 260096K, used 83185K [0x0000000080000000, 0x0000000100000000)
  region size 1024K, 76 young (77824K), 11 survivors (11264K)
 Metaspace       used 27483K, capacity 28113K, committed 28160K, reserved 1073152K
  class space    used 3606K, capacity 3815K, committed 3840K, reserved 1048576K
}
Event: 12.503 GC heap after
{Heap after GC invocations=4 (full 0):
 garbage-first heap   total 260096K, used 19297K [0x0000000080000000, 0x0000000100000000)
  region size 1024K, 3 young (3072K), 3 survivors (3072K)
 Metaspace       used 27483K, capacity 28113K, committed 28160K, reserved 1073152K
  class space    used 3606K, capacity 3815K, committed 3840K, reserved 1048576K
}
Event: 15.371 GC heap before
{Heap before GC invocations=4 (full 0):
 garbage-first heap   total 260096K, used 65377K [0x0000000080000000, 0x0000000100000000)
  region size 1024K, 49 young (50176K), 3 survivors (3072K)
 Metaspace       used 35005K, capacity 35788K, committed 35840K, reserved 1081344K
  class space    used 4541K, capacity 4841K, committed 4864K, reserved 1048576K
}
Event: 15.383 GC heap after
{Heap after GC invocations=5 (full 0):
 garbage-first heap   total 260096K, used 21759K [0x0000000080000000, 0x0000000100000000)
  region size 1024K, 6 young (6144K), 6 survivors (6144K)
 Metaspace       used 35005K, capacity 35788K, committed 35840K, reserved 1081344K
  class space    used 4541K, capacity 4841K, committed 4864K, reserved 1048576K
}
Event: 17.776 GC heap before
{Heap before GC invocations=6 (full 0):
 garbage-first heap   total 260096K, used 143615K [0x0000000080000000, 0x0000000100000000)
  region size 1024K, 122 young (124928K), 6 survivors (6144K)
 Metaspace       used 45027K, capacity 46069K, committed 46412K, reserved 1089536K
  class space    used 5801K, capacity 6165K, committed 6272K, reserved 1048576K
}
Event: 17.793 GC heap after
{Heap after GC invocations=7 (full 0):
 garbage-first heap   total 260096K, used 29189K [0x0000000080000000, 0x0000000100000000)
  region size 1024K, 13 young (13312K), 13 survivors (13312K)
 Metaspace       used 45027K, capacity 46069K, committed 46412K, reserved 1089536K
  class space    used 5801K, capacity 6165K, committed 6272K, reserved 1048576K
}

Deoptimization events (20 events):
Event: 20.325 Thread 0x000002e965844800 DEOPT PACKING pc=0x000002e953e68f7c sp=0x000000f936ff7cd0
Event: 20.325 Thread 0x000002e965844800 DEOPT UNPACKING pc=0x000002e94c3485af sp=0x000000f936ff7c60 mode 2
Event: 20.653 Thread 0x000002e965844800 Uncommon trap: trap_request=0xffffff45 fr.pc=0x000002e953fdf5ec relative=0x0000000000000d4c
Event: 20.653 Thread 0x000002e965844800 Uncommon trap: reason=unstable_fused_if action=reinterpret pc=0x000002e953fdf5ec method=org.objectweb.asm.ByteVector.putUTF8(Ljava/lang/String;)Lorg/objectweb/asm/ByteVector; @ 93 c2
Event: 20.653 Thread 0x000002e965844800 DEOPT PACKING pc=0x000002e953fdf5ec sp=0x000000f936ff7db0
Event: 20.653 Thread 0x000002e965844800 DEOPT UNPACKING pc=0x000002e94c3485af sp=0x000000f936ff7d08 mode 2
Event: 20.654 Thread 0x000002e965844800 Uncommon trap: trap_request=0xffffff4d fr.pc=0x000002e953ff3cd0 relative=0x0000000000005b50
Event: 20.654 Thread 0x000002e965844800 Uncommon trap: reason=unstable_if action=reinterpret pc=0x000002e953ff3cd0 method=org.objectweb.asm.Frame.execute(IILorg/objectweb/asm/Symbol;Lorg/objectweb/asm/SymbolTable;)V @ 1 c2
Event: 20.654 Thread 0x000002e965844800 DEOPT PACKING pc=0x000002e953ff3cd0 sp=0x000000f936ff7f90
Event: 20.654 Thread 0x000002e965844800 DEOPT UNPACKING pc=0x000002e94c3485af sp=0x000000f936ff7f38 mode 2
Event: 20.691 Thread 0x000002e965844800 Uncommon trap: trap_request=0xffffff45 fr.pc=0x000002e953f52774 relative=0x0000000000000214
Event: 20.691 Thread 0x000002e965844800 Uncommon trap: reason=unstable_fused_if action=reinterpret pc=0x000002e953f52774 method=org.objectweb.asm.ByteVector.putUTF8(Ljava/lang/String;)Lorg/objectweb/asm/ByteVector; @ 93 c2
Event: 20.691 Thread 0x000002e965844800 DEOPT PACKING pc=0x000002e953f52774 sp=0x000000f936ff80d0
Event: 20.691 Thread 0x000002e965844800 DEOPT UNPACKING pc=0x000002e94c3485af sp=0x000000f936ff8050 mode 2
Event: 21.047 Thread 0x000002e965844800 DEOPT PACKING pc=0x000002e94cda5079 sp=0x000000f936ff7c20
Event: 21.047 Thread 0x000002e965844800 DEOPT UNPACKING pc=0x000002e94c389d0e sp=0x000000f936ff70f0 mode 0
Event: 21.047 Thread 0x000002e965844800 Uncommon trap: trap_request=0xffffff4d fr.pc=0x000002e953fb6274 relative=0x0000000000000674
Event: 21.048 Thread 0x000002e965844800 Uncommon trap: reason=unstable_if action=reinterpret pc=0x000002e953fb6274 method=java.io.BufferedInputStream.read([BII)I @ 56 c2
Event: 21.048 Thread 0x000002e965844800 DEOPT PACKING pc=0x000002e953fb6274 sp=0x000000f936ff7b50
Event: 21.048 Thread 0x000002e965844800 DEOPT UNPACKING pc=0x000002e94c3485af sp=0x000000f936ff7b08 mode 2

Classes redefined (0 events):
No events

Internal exceptions (20 events):
Event: 20.245 Thread 0x000002e965844800 Exception <a 'java/lang/ClassNotFoundException'{0x000000008a30fda0}: org/gradle/api/tasks/DeleteCustomizer> (0x000000008a30fda0) thrown at [./src/hotspot/share/classfile/systemDictionary.cpp, line 231]
Event: 20.248 Thread 0x000002e965844800 Exception <a 'java/lang/ClassNotFoundException'{0x000000008a350108}: org/gradle/api/tasks/Delete_DecoratedCustomizer> (0x000000008a350108) thrown at [./src/hotspot/share/classfile/systemDictionary.cpp, line 231]
Event: 20.280 Thread 0x000002e965844800 Exception <a 'java/lang/NoSuchMethodError'{0x000000008a264108}: 'long java.lang.invoke.DirectMethodHandle$Holder.invokeVirtual(java.lang.Object, java.lang.Object)'> (0x000000008a264108) thrown at [./src/hotspot/share/interpreter/linkResolver.cpp, line 773]
Event: 20.286 Thread 0x000002e964453800 Exception <a 'java/lang/NoSuchMethodError'{0x000000008fd897a8}: <clinit>> (0x000000008fd897a8) thrown at [./src/hotspot/share/prims/jni.cpp, line 1365]
Event: 20.292 Thread 0x000002e964453800 Exception <a 'java/lang/NoSuchMethodError'{0x000000008a10ba60}: <clinit>> (0x000000008a10ba60) thrown at [./src/hotspot/share/prims/jni.cpp, line 1365]
Event: 20.292 Thread 0x000002e964453800 Exception <a 'java/lang/NoSuchMethodError'{0x000000008a10cb70}: <clinit>> (0x000000008a10cb70) thrown at [./src/hotspot/share/prims/jni.cpp, line 1365]
Event: 20.292 Thread 0x000002e964453800 Exception <a 'java/lang/NoSuchMethodError'{0x000000008a10de78}: <clinit>> (0x000000008a10de78) thrown at [./src/hotspot/share/prims/jni.cpp, line 1365]
Event: 20.292 Thread 0x000002e964453800 Exception <a 'java/lang/NoSuchMethodError'{0x000000008a10ee98}: <clinit>> (0x000000008a10ee98) thrown at [./src/hotspot/share/prims/jni.cpp, line 1365]
Event: 20.295 Thread 0x000002e964453800 Exception <a 'java/lang/NoSuchMethodError'{0x000000008a121178}: <clinit>> (0x000000008a121178) thrown at [./src/hotspot/share/prims/jni.cpp, line 1365]
Event: 20.297 Thread 0x000002e964453800 Exception <a 'java/lang/NoSuchMethodError'{0x000000008a12b460}: <clinit>> (0x000000008a12b460) thrown at [./src/hotspot/share/prims/jni.cpp, line 1365]
Event: 20.302 Thread 0x000002e964453800 Exception <a 'java/lang/NoSuchMethodError'{0x000000008a13eda0}: <clinit>> (0x000000008a13eda0) thrown at [./src/hotspot/share/prims/jni.cpp, line 1365]
Event: 20.317 Thread 0x000002e965844800 Exception <a 'java/lang/ClassNotFoundException'{0x000000008a19f8d0}: build_5ytq20ie4w6c7ek4qmyqp6bjiBeanInfo> (0x000000008a19f8d0) thrown at [./src/hotspot/share/classfile/systemDictionary.cpp, line 231]
Event: 20.317 Thread 0x000002e965844800 Exception <a 'java/lang/ClassNotFoundException'{0x000000008a1aa888}: build_5ytq20ie4w6c7ek4qmyqp6bjiCustomizer> (0x000000008a1aa888) thrown at [./src/hotspot/share/classfile/systemDictionary.cpp, line 231]
Event: 20.353 Thread 0x000002e965844800 Exception <a 'java/lang/ClassNotFoundException'{0x0000000089f35050}: org/gradle/api/internal/plugins/DefaultObjectConfigurationActionBeanInfo> (0x0000000089f35050) thrown at [./src/hotspot/share/classfile/systemDictionary.cpp, line 231]
Event: 20.354 Thread 0x000002e965844800 Exception <a 'java/lang/ClassNotFoundException'{0x0000000089f6a218}: org/gradle/api/internal/plugins/DefaultObjectConfigurationActionCustomizer> (0x0000000089f6a218) thrown at [./src/hotspot/share/classfile/systemDictionary.cpp, line 231]
Event: 20.630 Thread 0x000002e965844800 Exception <a 'java/lang/NoSuchMethodError'{0x00000000895ab3b8}: 'java.lang.Object java.lang.invoke.DirectMethodHandle$Holder.invokeStatic(java.lang.Object, java.lang.Object, java.lang.Object, java.lang.Object, int)'> (0x00000000895ab3b8) thrown at [./src/hotspot/share/interpreter/linkResolver.cpp, line 773]
Event: 20.630 Thread 0x000002e965844800 Exception <a 'java/lang/NoSuchMethodError'{0x00000000895afdb0}: 'java.lang.Object java.lang.invoke.DirectMethodHandle$Holder.invokeSpecial(java.lang.Object, java.lang.Object, java.lang.Object, java.lang.Object, java.lang.Object, int)'> (0x00000000895afdb0) thrown at [./src/hotspot/share/interpreter/linkResolver.cpp, line 773]
Event: 20.631 Thread 0x000002e965844800 Exception <a 'java/lang/NoSuchMethodError'{0x00000000895b43f0}: 'java.lang.Object java.lang.invoke.Invokers$Holder.linkToTargetMethod(java.lang.Object, java.lang.Object, java.lang.Object, int, java.lang.Object)'> (0x00000000895b43f0) thrown at [./src/hotspot/share/interpreter/linkResolver.cpp, line 773]
Event: 21.099 Thread 0x000002e965844800 Exception <a 'java/lang/NoSuchMethodError'{0x00000000886e8890}: 'java.lang.Object java.lang.invoke.DirectMethodHandle$Holder.invokeSpecial(java.lang.Object, java.lang.Object, int, int, java.lang.Object, java.lang.Object, java.lang.Object)'> (0x00000000886e8890) thrown at [./src/hotspot/share/interpreter/linkResolver.cpp, line 773]
Event: 21.099 Thread 0x000002e965844800 Exception <a 'java/lang/NoSuchMethodError'{0x00000000886ece10}: 'java.lang.Object java.lang.invoke.DelegatingMethodHandle$Holder.reinvoke_L(java.lang.Object, int, int, java.lang.Object, java.lang.Object, java.lang.Object)'> (0x00000000886ece10) thrown at [./src/hotspot/share/interpreter/linkResolver.cpp, line 773]

Events (20 events):
Event: 21.389 loading class groovy/transform/Generated
Event: 21.389 loading class groovy/transform/Generated done
Event: 21.389 loading class org/gradle/internal/reflect/annotations/impl/DefaultTypeAnnotationMetadataStore$PropertyAnnotationMetadataBuilder
Event: 21.389 loading class org/gradle/internal/reflect/annotations/impl/DefaultTypeAnnotationMetadataStore$PropertyAnnotationMetadataBuilder done
Event: 21.390 loading class org/gradle/internal/reflect/annotations/impl/DefaultTypeAnnotationMetadataStore$PropertyAnnotationMetadataBuilder
Event: 21.390 loading class org/gradle/internal/reflect/annotations/impl/DefaultTypeAnnotationMetadataStore$PropertyAnnotationMetadataBuilder done
Event: 21.390 loading class org/gradle/internal/reflect/annotations/impl/DefaultTypeAnnotationMetadataStore
Event: 21.390 loading class org/gradle/internal/reflect/annotations/impl/DefaultTypeAnnotationMetadataStore done
Event: 21.391 loading class org/gradle/internal/reflect/annotations/PropertyAnnotationMetadata
Event: 21.391 loading class org/gradle/internal/reflect/annotations/PropertyAnnotationMetadata done
Event: 21.392 loading class org/gradle/internal/reflect/AnnotationCategory
Event: 21.392 loading class org/gradle/internal/reflect/AnnotationCategory done
Event: 21.392 loading class com/google/common/collect/MultimapBuilder
Event: 21.392 loading class com/google/common/collect/MultimapBuilder done
Event: 21.393 loading class com/google/common/collect/MultimapBuilder$MultimapBuilderWithKeys
Event: 21.393 loading class com/google/common/collect/MultimapBuilder$MultimapBuilderWithKeys done
Event: 21.394 loading class com/google/common/collect/MultimapBuilder$2
Event: 21.394 loading class com/google/common/collect/MultimapBuilder$2 done
Event: 21.395 loading class com/google/common/collect/MultimapBuilder$4
Event: 21.395 loading class com/google/common/collect/MultimapBuilder$4 done


Dynamic libraries:
0x00007ff61f990000 - 0x00007ff61f99a000 	C:\Program Files\Android\Android Studio2\jre\bin\java.exe
0x00007ffd7ccd0000 - 0x00007ffd7cee4000 	C:\WINDOWS\SYSTEM32\ntdll.dll
0x00007ffd7b870000 - 0x00007ffd7b932000 	C:\WINDOWS\System32\KERNEL32.DLL
0x00007ffd7a400000 - 0x00007ffd7a7a3000 	C:\WINDOWS\System32\KERNELBASE.dll
0x00007ffd7a910000 - 0x00007ffd7aa21000 	C:\WINDOWS\System32\ucrtbase.dll
0x00007ffd491b0000 - 0x00007ffd491c7000 	C:\Program Files\Android\Android Studio2\jre\bin\VCRUNTIME140.dll
0x00007ffd441e0000 - 0x00007ffd441f9000 	C:\Program Files\Android\Android Studio2\jre\bin\jli.dll
0x00007ffd7ca60000 - 0x00007ffd7cc0b000 	C:\WINDOWS\System32\USER32.dll
0x00007ffd687b0000 - 0x00007ffd68a3e000 	C:\WINDOWS\WinSxS\amd64_microsoft.windows.common-controls_6595b64144ccf1df_6.0.22621.1635_none_270f70857386168e\COMCTL32.dll
0x00007ffd7a7b0000 - 0x00007ffd7a7d6000 	C:\WINDOWS\System32\win32u.dll
0x00007ffd7b7c0000 - 0x00007ffd7b867000 	C:\WINDOWS\System32\msvcrt.dll
0x00007ffd7ca30000 - 0x00007ffd7ca59000 	C:\WINDOWS\System32\GDI32.dll
0x00007ffd7a240000 - 0x00007ffd7a359000 	C:\WINDOWS\System32\gdi32full.dll
0x00007ffd7a360000 - 0x00007ffd7a3fa000 	C:\WINDOWS\System32\msvcp_win.dll
0x00007ffd7ab60000 - 0x00007ffd7ab91000 	C:\WINDOWS\System32\IMM32.DLL
0x00007ffd2bd50000 - 0x00007ffd2bded000 	C:\Program Files\Android\Android Studio2\jre\bin\msvcp140.dll
0x00007ffceea50000 - 0x00007ffcef535000 	C:\Program Files\Android\Android Studio2\jre\bin\server\jvm.dll
0x00007ffd7c200000 - 0x00007ffd7c2ae000 	C:\WINDOWS\System32\ADVAPI32.dll
0x00007ffd7c980000 - 0x00007ffd7ca24000 	C:\WINDOWS\System32\sechost.dll
0x00007ffd7b1a0000 - 0x00007ffd7b2b7000 	C:\WINDOWS\System32\RPCRT4.dll
0x00007ffd7c970000 - 0x00007ffd7c978000 	C:\WINDOWS\System32\PSAPI.DLL
0x00007ffd724a0000 - 0x00007ffd724d4000 	C:\WINDOWS\SYSTEM32\WINMM.dll
0x00007ffd60ef0000 - 0x00007ffd60ef9000 	C:\WINDOWS\SYSTEM32\WSOCK32.dll
0x00007ffd71d80000 - 0x00007ffd71d8a000 	C:\WINDOWS\SYSTEM32\VERSION.dll
0x00007ffd7aba0000 - 0x00007ffd7ac11000 	C:\WINDOWS\System32\WS2_32.dll
0x00007ffd79120000 - 0x00007ffd79138000 	C:\WINDOWS\SYSTEM32\kernel.appcore.dll
0x00007ffd728c0000 - 0x00007ffd728d1000 	C:\Program Files\Android\Android Studio2\jre\bin\verify.dll
0x00007ffd77b00000 - 0x00007ffd77d2e000 	C:\WINDOWS\SYSTEM32\DBGHELP.DLL
0x00007ffd7c3b0000 - 0x00007ffd7c739000 	C:\WINDOWS\System32\combase.dll
0x00007ffd7c740000 - 0x00007ffd7c817000 	C:\WINDOWS\System32\OLEAUT32.dll
0x00007ffd5ee70000 - 0x00007ffd5eea2000 	C:\WINDOWS\SYSTEM32\dbgcore.DLL
0x00007ffd7aa30000 - 0x00007ffd7aaab000 	C:\WINDOWS\System32\bcryptPrimitives.dll
0x00007ffd69700000 - 0x00007ffd69729000 	C:\Program Files\Android\Android Studio2\jre\bin\java.dll
0x00007ffd77140000 - 0x00007ffd7714b000 	C:\Program Files\Android\Android Studio2\jre\bin\jimage.dll
0x00007ffd726f0000 - 0x00007ffd72708000 	C:\Program Files\Android\Android Studio2\jre\bin\zip.dll
0x00007ffd7b990000 - 0x00007ffd7c18a000 	C:\WINDOWS\System32\SHELL32.dll
0x00007ffd780d0000 - 0x00007ffd7899e000 	C:\WINDOWS\SYSTEM32\windows.storage.dll
0x00007ffd77f90000 - 0x00007ffd780ce000 	C:\WINDOWS\SYSTEM32\wintypes.dll
0x00007ffd7c2b0000 - 0x00007ffd7c3a1000 	C:\WINDOWS\System32\SHCORE.dll
0x00007ffd7cc10000 - 0x00007ffd7cc6e000 	C:\WINDOWS\System32\shlwapi.dll
0x00007ffd7a000000 - 0x00007ffd7a021000 	C:\WINDOWS\SYSTEM32\profapi.dll
0x00007ffd692f0000 - 0x00007ffd6930a000 	C:\Program Files\Android\Android Studio2\jre\bin\net.dll
0x00007ffd72a70000 - 0x00007ffd72ba7000 	C:\WINDOWS\SYSTEM32\WINHTTP.dll
0x00007ffd79680000 - 0x00007ffd796e9000 	C:\WINDOWS\system32\mswsock.dll
0x00007ffd692d0000 - 0x00007ffd692e4000 	C:\Program Files\Android\Android Studio2\jre\bin\nio.dll
0x00007ffd62580000 - 0x00007ffd625a7000 	C:\Users\DELL\.gradle\native\e1d6ef7f7dcc3fd88c89a11ec53ec762bb8ba0a96d01ffa2cd45eb1d1d8dd5c5\windows-amd64\native-platform.dll
0x00007ffd2bc00000 - 0x00007ffd2bd44000 	C:\Users\DELL\.gradle\native\5664cfc778a61ccfe75a443a1ab52a65af34e5dc3c78e0209fed803814484fcb\windows-amd64\native-platform-file-events.dll
0x00007ffd77110000 - 0x00007ffd7711a000 	C:\Program Files\Android\Android Studio2\jre\bin\management.dll
0x00007ffd73890000 - 0x00007ffd7389d000 	C:\Program Files\Android\Android Studio2\jre\bin\management_ext.dll
0x00007ffd798f0000 - 0x00007ffd7990b000 	C:\WINDOWS\SYSTEM32\CRYPTSP.dll
0x00007ffd79090000 - 0x00007ffd790c5000 	C:\WINDOWS\system32\rsaenh.dll
0x00007ffd79780000 - 0x00007ffd797a8000 	C:\WINDOWS\SYSTEM32\USERENV.dll
0x00007ffd79a80000 - 0x00007ffd79aa8000 	C:\WINDOWS\SYSTEM32\bcrypt.dll
0x00007ffd798e0000 - 0x00007ffd798ec000 	C:\WINDOWS\SYSTEM32\CRYPTBASE.dll
0x00007ffd78c00000 - 0x00007ffd78c2d000 	C:\WINDOWS\SYSTEM32\IPHLPAPI.DLL
0x00007ffd7af30000 - 0x00007ffd7af39000 	C:\WINDOWS\System32\NSI.dll
0x00007ffd72930000 - 0x00007ffd72949000 	C:\WINDOWS\SYSTEM32\dhcpcsvc6.DLL
0x00007ffd728e0000 - 0x00007ffd728ff000 	C:\WINDOWS\SYSTEM32\dhcpcsvc.DLL
0x00007ffd78c70000 - 0x00007ffd78d63000 	C:\WINDOWS\SYSTEM32\DNSAPI.dll

dbghelp: loaded successfully - version: 4.0.5 - missing functions: none
symbol engine: initialized successfully - sym options: 0x614 - pdb path: .;C:\Program Files\Android\Android Studio2\jre\bin;C:\WINDOWS\SYSTEM32;C:\WINDOWS\WinSxS\amd64_microsoft.windows.common-controls_6595b64144ccf1df_6.0.22621.1635_none_270f70857386168e;C:\Program Files\Android\Android Studio2\jre\bin\server;C:\Users\DELL\.gradle\native\e1d6ef7f7dcc3fd88c89a11ec53ec762bb8ba0a96d01ffa2cd45eb1d1d8dd5c5\windows-amd64;C:\Users\DELL\.gradle\native\5664cfc778a61ccfe75a443a1ab52a65af34e5dc3c78e0209fed803814484fcb\windows-amd64

VM Arguments:
jvm_args: --add-opens=java.base/java.util=ALL-UNNAMED --add-opens=java.base/java.lang=ALL-UNNAMED --add-opens=java.base/java.lang.invoke=ALL-UNNAMED --add-opens=java.base/java.util=ALL-UNNAMED --add-opens=java.prefs/java.util.prefs=ALL-UNNAMED --add-opens=java.prefs/java.util.prefs=ALL-UNNAMED --add-opens=java.base/java.nio.charset=ALL-UNNAMED --add-opens=java.base/java.net=ALL-UNNAMED --add-opens=java.base/java.util.concurrent.atomic=ALL-UNNAMED -Xmx2048m -Dfile.encoding=UTF-8 -Duser.country=US -Duser.language=en -Duser.variant 
java_command: org.gradle.launcher.daemon.bootstrap.GradleDaemon 7.3.3
java_class_path (initial): C:\Users\DELL\.gradle\wrapper\dists\gradle-7.3.3-bin\6a41zxkdtcxs8rphpq6y0069z\gradle-7.3.3\lib\gradle-launcher-7.3.3.jar
Launcher Type: SUN_STANDARD

[Global flags]
     intx CICompilerCount                          = 4                                         {product} {ergonomic}
     uint ConcGCThreads                            = 2                                         {product} {ergonomic}
     uint G1ConcRefinementThreads                  = 8                                         {product} {ergonomic}
   size_t G1HeapRegionSize                         = 1048576                                   {product} {ergonomic}
    uintx GCDrainStackTargetSize                   = 64                                        {product} {ergonomic}
   size_t InitialHeapSize                          = 266338304                                 {product} {ergonomic}
   size_t MarkStackSize                            = 4194304                                   {product} {ergonomic}
   size_t MaxHeapSize                              = 2147483648                                {product} {command line}
   size_t MaxNewSize                               = 1287651328                                {product} {ergonomic}
   size_t MinHeapDeltaBytes                        = 1048576                                   {product} {ergonomic}
    uintx NonNMethodCodeHeapSize                   = 5836300                                {pd product} {ergonomic}
    uintx NonProfiledCodeHeapSize                  = 122910970                              {pd product} {ergonomic}
    uintx ProfiledCodeHeapSize                     = 122910970                              {pd product} {ergonomic}
    uintx ReservedCodeCacheSize                    = 251658240                              {pd product} {ergonomic}
     bool SegmentedCodeCache                       = true                                      {product} {ergonomic}
     bool UseCompressedClassPointers               = true                                 {lp64_product} {ergonomic}
     bool UseCompressedOops                        = true                                 {lp64_product} {ergonomic}
     bool UseG1GC                                  = true                                      {product} {ergonomic}
     bool UseLargePagesIndividualAllocation        = false                                  {pd product} {ergonomic}

Logging:
Log output configuration:
 #0: stdout all=warning uptime,level,tags
 #1: stderr all=off uptime,level,tags

Environment Variables:
JAVA_HOME=C:\Program Files\Java\jdk1.8.0_131
PATH=C:\Program Files\Microsoft MPI\Bin\;C:\Program Files (x86)\Common Files\Oracle\Java\javapath;C:\ProgramData\Oracle\Java\javapath;C:\Program Files\Common Files\Oracle\Java\javapath;C:\Program Files (x86)\Common Files\Intel\Shared Libraries\redist\intel64\compiler;C:\Windows\system32;C:\Windows;C:\Windows\System32\Wbem;C:\Windows\System32\WindowsPowerShell\v1.0\;C:\Windows\System32\OpenSSH\;C:\Program Files (x86)\NVIDIA Corporation\PhysX\Common;C:\cygwin64\bin;C:\Program Files (x86)\GtkSharp\2.12\bin;C:\Program Files\Dart\dart-sdk\bin;C:\Program Files\Java\jdk1.8.0_131\bin;C:\Users\DELL\AppData\Local\Pub\Cache\bin;C:\Program Files\Git\cmd;C:\WINDOWS\system32;C:\WINDOWS;C:\WINDOWS\System32\Wbem;C:\WINDOWS\System32\WindowsPowerShell\v1.0\;C:\WINDOWS\System32\OpenSSH\;C:\Program Files\nodejs\;C:\Program Files\dotnet\;C:\Program Files\Microsoft SQL Server\Client SDK\ODBC\170\Tools\Binn\;C:\Program Files (x86)\Microsoft SQL Server\150\Tools\Binn\;C:\Program Files\Microsoft SQL Server\150\Tools\Binn\;C:\Program Files\Microsoft SQL Server\150\DTS\Binn\;C:\WINDOWS\system32;C:\WINDOWS;C:\WINDOWS\System32\Wbem;C:\WINDOWS\System32\WindowsPowerShell\v1.0\;C:\WINDOWS\System32\OpenSSH\;C:\Program Files (x86)\Microsoft SQL Server\150\DTS\Binn\;C:\Program Files (x86)\Microsoft SQL Server\160\DTS\Binn\;C:\Program Files\Azure Data Studio\bin;C:\Program Files\MySQL\MySQL Shell 8.0\bin\;D:\programs\flutter\bin\cache\dart-sdk\bin;D:\programs\flutter\bin;C:\Users\DELL\AppData\Local\Programs\Python\Python310\Scripts\;C:\Users\DELL\AppData\Local\Programs\Python\Python310\;D:\programs\flutter\bin;C:\Users\DELL\AppData\Local\Programs\Microsoft VS Code\bin;C:\Users\DELL\AppData\Roaming\npm;C:\Users\DELL\.dotnet\tools;C:\Program Files\MongoDB\Server\5.0\bin;C:\Users\DELL\AppData\Local\Microsoft\WindowsApps;C:\Program Files\heroku\bin;C:\Program Files\Azure Data Studio\bin
USERNAME=DELL
OS=Windows_NT
PROCESSOR_IDENTIFIER=Intel64 Family 6 Model 126 Stepping 5, GenuineIntel



---------------  S Y S T E M  ---------------

OS: Windows 10 , 64 bit Build 22621 (10.0.22621.1778)
OS uptime: 5 days 13:19 hours

CPU:total 8 (initial active 8) (4 cores per cpu, 2 threads per core) family 6 model 126 stepping 5 microcode 0xb8, cmov, cx8, fxsr, mmx, sse, sse2, sse3, ssse3, sse4.1, sse4.2, popcnt, avx, avx2, aes, clmul, erms, 3dnowpref, lzcnt, ht, tsc, tscinvbit, bmi1, bmi2, adx, evex, sha, fma

Memory: 4k page, system-wide physical 16151M (412M free)
TotalPageFile size 21332M (AvailPageFile size 0M)
current process WorkingSet (physical memory assigned to process): 349M, peak: 349M
current process commit charge ("private bytes"): 473M, peak: 475M

vm_info: OpenJDK 64-Bit Server VM (11.0.12+7-b1504.28-7817840) for windows-amd64 JRE (11.0.12+7-b1504.28-7817840), built on Oct 13 2021 22:12:33 by "builder" with MS VC++ 14.0 (VS2015)

END.
